Virtual User Script started at: 29.11.2023 21:50:10	[MsgId: MMSG-15967]
Starting action vuser_init.	[MsgId: MMSG-15919]
Web Turbo Replay of LoadRunner 2020.0.0 for Windows 10; build 793 (ноя 27 2019 19:51:20)  	[MsgId: MMSG-26983]
Run mode: HTML  	[MsgId: MMSG-26993]
Replay user agent: Mozilla/5.0 (Windows NT 10.0; WOW64; Trident/7.0; rv:11.0) like Gecko  	[MsgId: MMSG-26988]
Runtime Settings file: "C:\Users\cgvgv\AppData\Local\Temp\lr5tmpdirO11.802\lrcfgK0f.803\cfgLX2.810"  	[MsgId: MMSG-27141]
Ending action vuser_init.	[MsgId: MMSG-15918]
Running Vuser...	[MsgId: MMSG-15964]
Starting iteration 1.	[MsgId: MMSG-15968]
Maximum number of concurrent connections per server: 6  	[MsgId: MMSG-26989]
Starting action Action.	[MsgId: MMSG-15919]
Action.c(4): Notify: Transaction "UC04_Login" started.	[MsgId: MMSG-16999]
..\\lib.h(37): web_reg_save_param_attrib started  	[MsgId: MMSG-26355]
..\\lib.h(37): Registering web_reg_save_param_attrib was successful  	[MsgId: MMSG-26390]
..\\lib.h(51): Notify: Transaction "open_web_tours" started.	[MsgId: MMSG-16999]
..\\lib.h(53): web_add_auto_header("Sec-Fetch-Site") started  	[MsgId: MMSG-26355]
..\\lib.h(53): web_add_auto_header("Sec-Fetch-Site") was successful  	[MsgId: MMSG-26392]
..\\lib.h(54): web_add_auto_header("Sec-Fetch-Dest") started  	[MsgId: MMSG-26355]
..\\lib.h(54): web_add_auto_header("Sec-Fetch-Dest") was successful  	[MsgId: MMSG-26392]
..\\lib.h(55): web_add_auto_header("Sec-Fetch-Mode") started  	[MsgId: MMSG-26355]
..\\lib.h(55): web_add_auto_header("Sec-Fetch-Mode") was successful  	[MsgId: MMSG-26392]
..\\lib.h(56): web_add_header("Sec-Fetch-User") started  	[MsgId: MMSG-26355]
..\\lib.h(56): web_add_header("Sec-Fetch-User") was successful  	[MsgId: MMSG-26392]
..\\lib.h(57): web_add_header("Upgrade-Insecure-Requests") started  	[MsgId: MMSG-26355]
..\\lib.h(57): web_add_header("Upgrade-Insecure-Requests") was successful  	[MsgId: MMSG-26392]
..\\lib.h(58): web_add_header("sec-ch-ua-mobile") started  	[MsgId: MMSG-26355]
..\\lib.h(58): web_add_header("sec-ch-ua-mobile") was successful  	[MsgId: MMSG-26392]
..\\lib.h(60): web_reg_find started  	[MsgId: MMSG-26355]
..\\lib.h(60): Registering web_reg_find was successful  	[MsgId: MMSG-26390]
..\\lib.h(62): web_url("WebTours") started  	[MsgId: MMSG-26355]
..\\lib.h(62): Detected non-resource "http://localhost:1080/WebTours/header.html" in "http://localhost:1080/WebTours/"  	[MsgId: MMSG-26574]
..\\lib.h(62): Detected non-resource "http://localhost:1080/cgi-bin/welcome.pl?signOff=true" in "http://localhost:1080/WebTours/"  	[MsgId: MMSG-26574]
..\\lib.h(62): Found resource "http://localhost:1080/WebTours/images/hp_logo.png" in HTML "http://localhost:1080/WebTours/header.html"  	[MsgId: MMSG-26659]
..\\lib.h(62): Found resource "http://localhost:1080/WebTours/images/webtours.png" in HTML "http://localhost:1080/WebTours/header.html"  	[MsgId: MMSG-26659]
..\\lib.h(62): Detected non-resource "http://localhost:1080/cgi-bin/nav.pl?in=home" in "http://localhost:1080/cgi-bin/welcome.pl?signOff=true"  	[MsgId: MMSG-26574]
..\\lib.h(62): Detected non-resource "http://localhost:1080/WebTours/home.html" in "http://localhost:1080/cgi-bin/welcome.pl?signOff=true"  	[MsgId: MMSG-26574]
..\\lib.h(62): Found resource "http://localhost:1080/WebTours/images/mer_login.gif" in HTML "http://localhost:1080/cgi-bin/nav.pl?in=home"  	[MsgId: MMSG-26659]
..\\lib.h(62): Registered web_reg_find successful for "Text=Welcome to the Web Tours site." (count=1)  	[MsgId: MMSG-26364]
..\\lib.h(62): web_url("WebTours") was successful, 10080 body bytes, 2377 header bytes, 24 chunking overhead bytes  	[MsgId: MMSG-26385]
..\\lib.h(72): web_set_sockets_option started  	[MsgId: MMSG-26355]
..\\lib.h(72): web_set_sockets_option was successful  	[MsgId: MMSG-26392]
..\\lib.h(73): web_remove_auto_header("Sec-Fetch-Dest") started  	[MsgId: MMSG-26355]
..\\lib.h(73): Previous automatically added web header for "Sec-Fetch-Dest" removed  	[MsgId: MMSG-26587]
..\\lib.h(73): web_remove/revert_auto_header("Sec-Fetch-Dest") was successful  	[MsgId: MMSG-26392]
..\\lib.h(74): web_remove_auto_header("Sec-Fetch-Mode") started  	[MsgId: MMSG-26355]
..\\lib.h(74): Previous automatically added web header for "Sec-Fetch-Mode" removed  	[MsgId: MMSG-26587]
..\\lib.h(74): web_remove/revert_auto_header("Sec-Fetch-Mode") was successful  	[MsgId: MMSG-26392]
..\\lib.h(75): web_remove_auto_header("Sec-Fetch-Site") started  	[MsgId: MMSG-26355]
..\\lib.h(75): Previous automatically added web header for "Sec-Fetch-Site" removed  	[MsgId: MMSG-26587]
..\\lib.h(75): web_remove/revert_auto_header("Sec-Fetch-Site") was successful  	[MsgId: MMSG-26392]
..\\lib.h(77): Notify: Transaction "open_web_tours" ended with a "Pass" status (Duration: 1,3955 Wasted Time: 0,0005).	[MsgId: MMSG-16871]
Action.c(11): lr_think_time: 5,00 seconds.	[MsgId: MMSG-15948]
..\\lib.h(2): Notify: Transaction "login" started.	[MsgId: MMSG-16999]
..\\lib.h(4): web_add_auto_header("Sec-Fetch-Mode") started  	[MsgId: MMSG-26355]
..\\lib.h(4): web_add_auto_header("Sec-Fetch-Mode") was successful  	[MsgId: MMSG-26392]
..\\lib.h(5): web_add_auto_header("Sec-Fetch-Dest") started  	[MsgId: MMSG-26355]
..\\lib.h(5): web_add_auto_header("Sec-Fetch-Dest") was successful  	[MsgId: MMSG-26392]
..\\lib.h(6): web_add_header("Origin") started  	[MsgId: MMSG-26355]
..\\lib.h(6): web_add_header("Origin") was successful  	[MsgId: MMSG-26392]
..\\lib.h(7): web_add_auto_header("Sec-Fetch-Site") started  	[MsgId: MMSG-26355]
..\\lib.h(7): web_add_auto_header("Sec-Fetch-Site") was successful  	[MsgId: MMSG-26392]
..\\lib.h(8): web_add_auto_header("Sec-Fetch-User") started  	[MsgId: MMSG-26355]
..\\lib.h(8): web_add_auto_header("Sec-Fetch-User") was successful  	[MsgId: MMSG-26392]
..\\lib.h(9): web_add_auto_header("Upgrade-Insecure-Requests") started  	[MsgId: MMSG-26355]
..\\lib.h(9): web_add_auto_header("Upgrade-Insecure-Requests") was successful  	[MsgId: MMSG-26392]
..\\lib.h(10): web_add_auto_header("sec-ch-ua-mobile") started  	[MsgId: MMSG-26355]
..\\lib.h(10): web_add_auto_header("sec-ch-ua-mobile") was successful  	[MsgId: MMSG-26392]
..\\lib.h(12): web_reg_find started  	[MsgId: MMSG-26355]
..\\lib.h(12): Registering web_reg_find was successful  	[MsgId: MMSG-26390]
..\\lib.h(13): web_reg_find started  	[MsgId: MMSG-26355]
..\\lib.h(13): Registering web_reg_find was successful  	[MsgId: MMSG-26390]
..\\lib.h(15): web_submit_data("login.pl") started  	[MsgId: MMSG-26355]
..\\lib.h(15): Detected non-resource "http://localhost:1080/cgi-bin/nav.pl?page=menu&in=home" in "http://localhost:1080/cgi-bin/login.pl"  	[MsgId: MMSG-26574]
..\\lib.h(15): Detected non-resource "http://localhost:1080/cgi-bin/login.pl?intro=true" in "http://localhost:1080/cgi-bin/login.pl"  	[MsgId: MMSG-26574]
..\\lib.h(15): Found resource "http://localhost:1080/WebTours/images/flights.gif" in HTML "http://localhost:1080/cgi-bin/nav.pl?page=menu&in=home"  	[MsgId: MMSG-26659]
..\\lib.h(15): Found resource "http://localhost:1080/WebTours/images/itinerary.gif" in HTML "http://localhost:1080/cgi-bin/nav.pl?page=menu&in=home"  	[MsgId: MMSG-26659]
..\\lib.h(15): Found resource "http://localhost:1080/WebTours/images/in_home.gif" in HTML "http://localhost:1080/cgi-bin/nav.pl?page=menu&in=home"  	[MsgId: MMSG-26659]
..\\lib.h(15): Found resource "http://localhost:1080/WebTours/images/signoff.gif" in HTML "http://localhost:1080/cgi-bin/nav.pl?page=menu&in=home"  	[MsgId: MMSG-26659]
..\\lib.h(15): Registered web_reg_find successful for "Text=User password was correct" (count=1)  	[MsgId: MMSG-26364]
..\\lib.h(15): Registered web_reg_find successful for "Text=Welcome, <b>ivan321</b>" (count=1)  	[MsgId: MMSG-26364]
..\\lib.h(15): web_submit_data("login.pl") was successful, 5782 body bytes, 2077 header bytes, 36 chunking overhead bytes  	[MsgId: MMSG-26385]
..\\lib.h(32): Notify: Transaction "login" ended with a "Pass" status (Duration: 10,4743 Wasted Time: 0,0000).	[MsgId: MMSG-16871]
Action.c(15): lr_think_time: 10,00 seconds.	[MsgId: MMSG-15948]
..\\lib.h(82): Notify: Transaction "click_flights" started.	[MsgId: MMSG-16999]
..\\lib.h(84): web_remove_auto_header("Sec-Fetch-User") started  	[MsgId: MMSG-26355]
..\\lib.h(84): Previous automatically added web header for "Sec-Fetch-User" removed  	[MsgId: MMSG-26587]
..\\lib.h(84): web_remove/revert_auto_header("Sec-Fetch-User") was successful  	[MsgId: MMSG-26392]
..\\lib.h(85): web_remove_auto_header("Upgrade-Insecure-Requests") started  	[MsgId: MMSG-26355]
..\\lib.h(85): Previous automatically added web header for "Upgrade-Insecure-Requests" removed  	[MsgId: MMSG-26587]
..\\lib.h(85): web_remove/revert_auto_header("Upgrade-Insecure-Requests") was successful  	[MsgId: MMSG-26392]
..\\lib.h(87): web_reg_find started  	[MsgId: MMSG-26355]
..\\lib.h(87): Registering web_reg_find was successful  	[MsgId: MMSG-26390]
..\\lib.h(89): web_url("Search Flights Button") started  	[MsgId: MMSG-26355]
..\\lib.h(89): Detected non-resource "http://localhost:1080/cgi-bin/nav.pl?page=menu&in=flights" in "http://localhost:1080/cgi-bin/welcome.pl?page=search"  	[MsgId: MMSG-26574]
..\\lib.h(89): Detected non-resource "http://localhost:1080/cgi-bin/reservations.pl?page=welcome" in "http://localhost:1080/cgi-bin/welcome.pl?page=search"  	[MsgId: MMSG-26574]
..\\lib.h(89): Found resource "http://localhost:1080/WebTours/images/in_flights.gif" in HTML "http://localhost:1080/cgi-bin/nav.pl?page=menu&in=flights"  	[MsgId: MMSG-26659]
..\\lib.h(89): Resource "http://localhost:1080/WebTours/images/itinerary.gif" is in the cache already and will not be downloaded again  	[MsgId: MMSG-26655]
..\\lib.h(89): Found resource "http://localhost:1080/WebTours/images/home.gif" in HTML "http://localhost:1080/cgi-bin/nav.pl?page=menu&in=flights"  	[MsgId: MMSG-26659]
..\\lib.h(89): Resource "http://localhost:1080/WebTours/images/signoff.gif" is in the cache already and will not be downloaded again  	[MsgId: MMSG-26655]
..\\lib.h(89): Found resource "http://localhost:1080/WebTours/images/button_next.gif" in HTML "http://localhost:1080/cgi-bin/reservations.pl?page=welcome"  	[MsgId: MMSG-26659]
..\\lib.h(89): Registered web_reg_find successful for "Text=<b>Find Flight</font></b>" (count=1)  	[MsgId: MMSG-26364]
..\\lib.h(89): web_url("Search Flights Button") was successful, 8516 body bytes, 1623 header bytes, 43 chunking overhead bytes  	[MsgId: MMSG-26385]
..\\lib.h(99): Notify: Transaction "click_flights" ended with a "Pass" status (Duration: 12,2507 Wasted Time: 0,0000).	[MsgId: MMSG-16871]
..\\lib.h(192): Notify: Transaction "log_out" started.	[MsgId: MMSG-16999]
..\\lib.h(194): web_add_header("Sec-Fetch-User") started  	[MsgId: MMSG-26355]
..\\lib.h(194): web_add_header("Sec-Fetch-User") was successful  	[MsgId: MMSG-26392]
..\\lib.h(195): web_add_header("Upgrade-Insecure-Requests") started  	[MsgId: MMSG-26355]
..\\lib.h(195): web_add_header("Upgrade-Insecure-Requests") was successful  	[MsgId: MMSG-26392]
..\\lib.h(197): web_reg_find started  	[MsgId: MMSG-26355]
..\\lib.h(197): Registering web_reg_find was successful  	[MsgId: MMSG-26390]
..\\lib.h(199): web_url("SignOff Button") started  	[MsgId: MMSG-26355]
..\\lib.h(199): Detected non-resource "http://localhost:1080/cgi-bin/nav.pl?in=home" in "http://localhost:1080/cgi-bin/welcome.pl?signOff=1"  	[MsgId: MMSG-26574]
..\\lib.h(199): Detected non-resource "http://localhost:1080/WebTours/home.html" in "http://localhost:1080/cgi-bin/welcome.pl?signOff=1"  	[MsgId: MMSG-26574]
..\\lib.h(199): Retrieving data from cache for "http://localhost:1080/WebTours/home.html"  	[MsgId: MMSG-26558]
..\\lib.h(199): Resource "http://localhost:1080/WebTours/images/mer_login.gif" is in the cache already and will not be downloaded again  	[MsgId: MMSG-26655]
..\\lib.h(199): Registered web_reg_find successful for "Text=Welcome to the Web Tours site." (count=1)  	[MsgId: MMSG-26364]
..\\lib.h(199): web_url("SignOff Button") was successful, 2176 body bytes, 582 header bytes, 24 chunking overhead bytes  	[MsgId: MMSG-26385]
..\\lib.h(209): Notify: Transaction "log_out" ended with a "Pass" status (Duration: 0,0974 Wasted Time: 0,0000).	[MsgId: MMSG-16871]
Action.c(21): Notify: Transaction "UC04_Login" ended with a "Pass" status (Duration: 39,2244 Think Time: 15,0053 Wasted Time: 0,0008).	[MsgId: MMSG-16870]
Ending action Action.	[MsgId: MMSG-15918]
Ending iteration 1.	[MsgId: MMSG-15965]
Waiting 160,7750 seconds for iteration pacing.	[MsgId: MMSG-15996]
Starting iteration 2.	[MsgId: MMSG-15968]
Starting action Action.	[MsgId: MMSG-15919]
Action.c(4): Notify: Transaction "UC04_Login" started.	[MsgId: MMSG-16999]
..\\lib.h(37): web_reg_save_param_attrib started  	[MsgId: MMSG-26355]
..\\lib.h(37): Registering web_reg_save_param_attrib was successful  	[MsgId: MMSG-26390]
..\\lib.h(51): Notify: Transaction "open_web_tours" started.	[MsgId: MMSG-16999]
..\\lib.h(53): web_add_auto_header("Sec-Fetch-Site") started  	[MsgId: MMSG-26355]
..\\lib.h(53): web_add_auto_header("Sec-Fetch-Site") was successful  	[MsgId: MMSG-26392]
..\\lib.h(54): web_add_auto_header("Sec-Fetch-Dest") started  	[MsgId: MMSG-26355]
..\\lib.h(54): web_add_auto_header("Sec-Fetch-Dest") was successful  	[MsgId: MMSG-26392]
..\\lib.h(55): web_add_auto_header("Sec-Fetch-Mode") started  	[MsgId: MMSG-26355]
..\\lib.h(55): web_add_auto_header("Sec-Fetch-Mode") was successful  	[MsgId: MMSG-26392]
..\\lib.h(56): web_add_header("Sec-Fetch-User") started  	[MsgId: MMSG-26355]
..\\lib.h(56): web_add_header("Sec-Fetch-User") was successful  	[MsgId: MMSG-26392]
..\\lib.h(57): web_add_header("Upgrade-Insecure-Requests") started  	[MsgId: MMSG-26355]
..\\lib.h(57): web_add_header("Upgrade-Insecure-Requests") was successful  	[MsgId: MMSG-26392]
..\\lib.h(58): web_add_header("sec-ch-ua-mobile") started  	[MsgId: MMSG-26355]
..\\lib.h(58): web_add_header("sec-ch-ua-mobile") was successful  	[MsgId: MMSG-26392]
..\\lib.h(60): web_reg_find started  	[MsgId: MMSG-26355]
..\\lib.h(60): Registering web_reg_find was successful  	[MsgId: MMSG-26390]
..\\lib.h(62): web_url("WebTours") started  	[MsgId: MMSG-26355]
..\\lib.h(62): Detected non-resource "http://localhost:1080/WebTours/header.html" in "http://localhost:1080/WebTours/"  	[MsgId: MMSG-26574]
..\\lib.h(62): Detected non-resource "http://localhost:1080/cgi-bin/welcome.pl?signOff=true" in "http://localhost:1080/WebTours/"  	[MsgId: MMSG-26574]
..\\lib.h(62): Found resource "http://localhost:1080/WebTours/images/hp_logo.png" in HTML "http://localhost:1080/WebTours/header.html"  	[MsgId: MMSG-26659]
..\\lib.h(62): Found resource "http://localhost:1080/WebTours/images/webtours.png" in HTML "http://localhost:1080/WebTours/header.html"  	[MsgId: MMSG-26659]
..\\lib.h(62): Detected non-resource "http://localhost:1080/cgi-bin/nav.pl?in=home" in "http://localhost:1080/cgi-bin/welcome.pl?signOff=true"  	[MsgId: MMSG-26574]
..\\lib.h(62): Detected non-resource "http://localhost:1080/WebTours/home.html" in "http://localhost:1080/cgi-bin/welcome.pl?signOff=true"  	[MsgId: MMSG-26574]
..\\lib.h(62): Found resource "http://localhost:1080/WebTours/images/mer_login.gif" in HTML "http://localhost:1080/cgi-bin/nav.pl?in=home"  	[MsgId: MMSG-26659]
..\\lib.h(62): Registered web_reg_find successful for "Text=Welcome to the Web Tours site." (count=1)  	[MsgId: MMSG-26364]
..\\lib.h(62): web_url("WebTours") was successful, 10078 body bytes, 2379 header bytes, 24 chunking overhead bytes  	[MsgId: MMSG-26385]
..\\lib.h(72): web_set_sockets_option started  	[MsgId: MMSG-26355]
..\\lib.h(72): web_set_sockets_option was successful  	[MsgId: MMSG-26392]
..\\lib.h(73): web_remove_auto_header("Sec-Fetch-Dest") started  	[MsgId: MMSG-26355]
..\\lib.h(73): Previous automatically added web header for "Sec-Fetch-Dest" removed  	[MsgId: MMSG-26587]
..\\lib.h(73): web_remove/revert_auto_header("Sec-Fetch-Dest") was successful  	[MsgId: MMSG-26392]
..\\lib.h(74): web_remove_auto_header("Sec-Fetch-Mode") started  	[MsgId: MMSG-26355]
..\\lib.h(74): Previous automatically added web header for "Sec-Fetch-Mode" removed  	[MsgId: MMSG-26587]
..\\lib.h(74): web_remove/revert_auto_header("Sec-Fetch-Mode") was successful  	[MsgId: MMSG-26392]
..\\lib.h(75): web_remove_auto_header("Sec-Fetch-Site") started  	[MsgId: MMSG-26355]
..\\lib.h(75): Previous automatically added web header for "Sec-Fetch-Site" removed  	[MsgId: MMSG-26587]
..\\lib.h(75): web_remove/revert_auto_header("Sec-Fetch-Site") was successful  	[MsgId: MMSG-26392]
..\\lib.h(77): Notify: Transaction "open_web_tours" ended with a "Pass" status (Duration: 13,8954 Wasted Time: 0,0004).	[MsgId: MMSG-16871]
Action.c(11): lr_think_time: 5,00 seconds.	[MsgId: MMSG-15948]
..\\lib.h(2): Notify: Transaction "login" started.	[MsgId: MMSG-16999]
..\\lib.h(4): web_add_auto_header("Sec-Fetch-Mode") started  	[MsgId: MMSG-26355]
..\\lib.h(4): web_add_auto_header("Sec-Fetch-Mode") was successful  	[MsgId: MMSG-26392]
..\\lib.h(5): web_add_auto_header("Sec-Fetch-Dest") started  	[MsgId: MMSG-26355]
..\\lib.h(5): web_add_auto_header("Sec-Fetch-Dest") was successful  	[MsgId: MMSG-26392]
..\\lib.h(6): web_add_header("Origin") started  	[MsgId: MMSG-26355]
..\\lib.h(6): web_add_header("Origin") was successful  	[MsgId: MMSG-26392]
..\\lib.h(7): web_add_auto_header("Sec-Fetch-Site") started  	[MsgId: MMSG-26355]
..\\lib.h(7): web_add_auto_header("Sec-Fetch-Site") was successful  	[MsgId: MMSG-26392]
..\\lib.h(8): web_add_auto_header("Sec-Fetch-User") started  	[MsgId: MMSG-26355]
..\\lib.h(8): web_add_auto_header("Sec-Fetch-User") was successful  	[MsgId: MMSG-26392]
..\\lib.h(9): web_add_auto_header("Upgrade-Insecure-Requests") started  	[MsgId: MMSG-26355]
..\\lib.h(9): web_add_auto_header("Upgrade-Insecure-Requests") was successful  	[MsgId: MMSG-26392]
..\\lib.h(10): web_add_auto_header("sec-ch-ua-mobile") started  	[MsgId: MMSG-26355]
..\\lib.h(10): web_add_auto_header("sec-ch-ua-mobile") was successful  	[MsgId: MMSG-26392]
..\\lib.h(12): web_reg_find started  	[MsgId: MMSG-26355]
..\\lib.h(12): Registering web_reg_find was successful  	[MsgId: MMSG-26390]
..\\lib.h(13): web_reg_find started  	[MsgId: MMSG-26355]
..\\lib.h(13): Registering web_reg_find was successful  	[MsgId: MMSG-26390]
..\\lib.h(15): web_submit_data("login.pl") started  	[MsgId: MMSG-26355]
..\\lib.h(15): Detected non-resource "http://localhost:1080/cgi-bin/nav.pl?page=menu&in=home" in "http://localhost:1080/cgi-bin/login.pl"  	[MsgId: MMSG-26574]
..\\lib.h(15): Detected non-resource "http://localhost:1080/cgi-bin/login.pl?intro=true" in "http://localhost:1080/cgi-bin/login.pl"  	[MsgId: MMSG-26574]
..\\lib.h(15): Found resource "http://localhost:1080/WebTours/images/flights.gif" in HTML "http://localhost:1080/cgi-bin/nav.pl?page=menu&in=home"  	[MsgId: MMSG-26659]
..\\lib.h(15): Found resource "http://localhost:1080/WebTours/images/itinerary.gif" in HTML "http://localhost:1080/cgi-bin/nav.pl?page=menu&in=home"  	[MsgId: MMSG-26659]
..\\lib.h(15): Found resource "http://localhost:1080/WebTours/images/in_home.gif" in HTML "http://localhost:1080/cgi-bin/nav.pl?page=menu&in=home"  	[MsgId: MMSG-26659]
..\\lib.h(15): Found resource "http://localhost:1080/WebTours/images/signoff.gif" in HTML "http://localhost:1080/cgi-bin/nav.pl?page=menu&in=home"  	[MsgId: MMSG-26659]
..\\lib.h(15): Registered web_reg_find successful for "Text=User password was correct" (count=1)  	[MsgId: MMSG-26364]
..\\lib.h(15): Registered web_reg_find successful for "Text=Welcome, <b>tarrantino</b>" (count=1)  	[MsgId: MMSG-26364]
..\\lib.h(15): web_submit_data("login.pl") was successful, 5785 body bytes, 2083 header bytes, 36 chunking overhead bytes  	[MsgId: MMSG-26385]
..\\lib.h(32): Notify: Transaction "login" ended with a "Pass" status (Duration: 12,9700 Wasted Time: 0,0000).	[MsgId: MMSG-16871]
Action.c(15): lr_think_time: 10,00 seconds.	[MsgId: MMSG-15948]
..\\lib.h(82): Notify: Transaction "click_flights" started.	[MsgId: MMSG-16999]
..\\lib.h(84): web_remove_auto_header("Sec-Fetch-User") started  	[MsgId: MMSG-26355]
..\\lib.h(84): Previous automatically added web header for "Sec-Fetch-User" removed  	[MsgId: MMSG-26587]
..\\lib.h(84): web_remove/revert_auto_header("Sec-Fetch-User") was successful  	[MsgId: MMSG-26392]
..\\lib.h(85): web_remove_auto_header("Upgrade-Insecure-Requests") started  	[MsgId: MMSG-26355]
..\\lib.h(85): Previous automatically added web header for "Upgrade-Insecure-Requests" removed  	[MsgId: MMSG-26587]
..\\lib.h(85): web_remove/revert_auto_header("Upgrade-Insecure-Requests") was successful  	[MsgId: MMSG-26392]
..\\lib.h(87): web_reg_find started  	[MsgId: MMSG-26355]
..\\lib.h(87): Registering web_reg_find was successful  	[MsgId: MMSG-26390]
..\\lib.h(89): web_url("Search Flights Button") started  	[MsgId: MMSG-26355]
..\\lib.h(89): Detected non-resource "http://localhost:1080/cgi-bin/nav.pl?page=menu&in=flights" in "http://localhost:1080/cgi-bin/welcome.pl?page=search"  	[MsgId: MMSG-26574]
..\\lib.h(89): Detected non-resource "http://localhost:1080/cgi-bin/reservations.pl?page=welcome" in "http://localhost:1080/cgi-bin/welcome.pl?page=search"  	[MsgId: MMSG-26574]
..\\lib.h(89): Found resource "http://localhost:1080/WebTours/images/in_flights.gif" in HTML "http://localhost:1080/cgi-bin/nav.pl?page=menu&in=flights"  	[MsgId: MMSG-26659]
..\\lib.h(89): Resource "http://localhost:1080/WebTours/images/itinerary.gif" is in the cache already and will not be downloaded again  	[MsgId: MMSG-26655]
..\\lib.h(89): Found resource "http://localhost:1080/WebTours/images/home.gif" in HTML "http://localhost:1080/cgi-bin/nav.pl?page=menu&in=flights"  	[MsgId: MMSG-26659]
..\\lib.h(89): Resource "http://localhost:1080/WebTours/images/signoff.gif" is in the cache already and will not be downloaded again  	[MsgId: MMSG-26655]
..\\lib.h(89): Found resource "http://localhost:1080/WebTours/images/button_next.gif" in HTML "http://localhost:1080/cgi-bin/reservations.pl?page=welcome"  	[MsgId: MMSG-26659]
..\\lib.h(89): Registered web_reg_find successful for "Text=<b>Find Flight</font></b>" (count=1)  	[MsgId: MMSG-26364]
..\\lib.h(89): web_url("Search Flights Button") was successful, 8516 body bytes, 1623 header bytes, 43 chunking overhead bytes  	[MsgId: MMSG-26385]
..\\lib.h(99): Notify: Transaction "click_flights" ended with a "Pass" status (Duration: 13,3315 Wasted Time: 0,0001).	[MsgId: MMSG-16871]
..\\lib.h(192): Notify: Transaction "log_out" started.	[MsgId: MMSG-16999]
..\\lib.h(194): web_add_header("Sec-Fetch-User") started  	[MsgId: MMSG-26355]
..\\lib.h(194): web_add_header("Sec-Fetch-User") was successful  	[MsgId: MMSG-26392]
..\\lib.h(195): web_add_header("Upgrade-Insecure-Requests") started  	[MsgId: MMSG-26355]
..\\lib.h(195): web_add_header("Upgrade-Insecure-Requests") was successful  	[MsgId: MMSG-26392]
..\\lib.h(197): web_reg_find started  	[MsgId: MMSG-26355]
..\\lib.h(197): Registering web_reg_find was successful  	[MsgId: MMSG-26390]
..\\lib.h(199): web_url("SignOff Button") started  	[MsgId: MMSG-26355]
..\\lib.h(199): Detected non-resource "http://localhost:1080/cgi-bin/nav.pl?in=home" in "http://localhost:1080/cgi-bin/welcome.pl?signOff=1"  	[MsgId: MMSG-26574]
..\\lib.h(199): Detected non-resource "http://localhost:1080/WebTours/home.html" in "http://localhost:1080/cgi-bin/welcome.pl?signOff=1"  	[MsgId: MMSG-26574]
..\\lib.h(199): Retrieving data from cache for "http://localhost:1080/WebTours/home.html"  	[MsgId: MMSG-26558]
..\\lib.h(199): Resource "http://localhost:1080/WebTours/images/mer_login.gif" is in the cache already and will not be downloaded again  	[MsgId: MMSG-26655]
..\\lib.h(199): Registered web_reg_find successful for "Text=Welcome to the Web Tours site." (count=1)  	[MsgId: MMSG-26364]
..\\lib.h(199): web_url("SignOff Button") was successful, 2175 body bytes, 582 header bytes, 24 chunking overhead bytes  	[MsgId: MMSG-26385]
..\\lib.h(209): Notify: Transaction "log_out" ended with a "Pass" status (Duration: 0,1002 Wasted Time: 0,0000).	[MsgId: MMSG-16871]
Action.c(21): Notify: Transaction "UC04_Login" ended with a "Pass" status (Duration: 55,3121 Think Time: 15,0139 Wasted Time: 0,0009).	[MsgId: MMSG-16870]
Ending action Action.	[MsgId: MMSG-15918]
Ending iteration 2.	[MsgId: MMSG-15965]
Waiting 144,6860 seconds for iteration pacing.	[MsgId: MMSG-15996]
Starting iteration 3.	[MsgId: MMSG-15968]
Starting action Action.	[MsgId: MMSG-15919]
Action.c(4): Notify: Transaction "UC04_Login" started.	[MsgId: MMSG-16999]
..\\lib.h(37): web_reg_save_param_attrib started  	[MsgId: MMSG-26355]
..\\lib.h(37): Registering web_reg_save_param_attrib was successful  	[MsgId: MMSG-26390]
..\\lib.h(51): Notify: Transaction "open_web_tours" started.	[MsgId: MMSG-16999]
..\\lib.h(53): web_add_auto_header("Sec-Fetch-Site") started  	[MsgId: MMSG-26355]
..\\lib.h(53): web_add_auto_header("Sec-Fetch-Site") was successful  	[MsgId: MMSG-26392]
..\\lib.h(54): web_add_auto_header("Sec-Fetch-Dest") started  	[MsgId: MMSG-26355]
..\\lib.h(54): web_add_auto_header("Sec-Fetch-Dest") was successful  	[MsgId: MMSG-26392]
..\\lib.h(55): web_add_auto_header("Sec-Fetch-Mode") started  	[MsgId: MMSG-26355]
..\\lib.h(55): web_add_auto_header("Sec-Fetch-Mode") was successful  	[MsgId: MMSG-26392]
..\\lib.h(56): web_add_header("Sec-Fetch-User") started  	[MsgId: MMSG-26355]
..\\lib.h(56): web_add_header("Sec-Fetch-User") was successful  	[MsgId: MMSG-26392]
..\\lib.h(57): web_add_header("Upgrade-Insecure-Requests") started  	[MsgId: MMSG-26355]
..\\lib.h(57): web_add_header("Upgrade-Insecure-Requests") was successful  	[MsgId: MMSG-26392]
..\\lib.h(58): web_add_header("sec-ch-ua-mobile") started  	[MsgId: MMSG-26355]
..\\lib.h(58): web_add_header("sec-ch-ua-mobile") was successful  	[MsgId: MMSG-26392]
..\\lib.h(60): web_reg_find started  	[MsgId: MMSG-26355]
..\\lib.h(60): Registering web_reg_find was successful  	[MsgId: MMSG-26390]
..\\lib.h(62): web_url("WebTours") started  	[MsgId: MMSG-26355]
..\\lib.h(62): Detected non-resource "http://localhost:1080/WebTours/header.html" in "http://localhost:1080/WebTours/"  	[MsgId: MMSG-26574]
..\\lib.h(62): Detected non-resource "http://localhost:1080/cgi-bin/welcome.pl?signOff=true" in "http://localhost:1080/WebTours/"  	[MsgId: MMSG-26574]
..\\lib.h(62): Found resource "http://localhost:1080/WebTours/images/hp_logo.png" in HTML "http://localhost:1080/WebTours/header.html"  	[MsgId: MMSG-26659]
..\\lib.h(62): Found resource "http://localhost:1080/WebTours/images/webtours.png" in HTML "http://localhost:1080/WebTours/header.html"  	[MsgId: MMSG-26659]
..\\lib.h(62): Detected non-resource "http://localhost:1080/cgi-bin/nav.pl?in=home" in "http://localhost:1080/cgi-bin/welcome.pl?signOff=true"  	[MsgId: MMSG-26574]
..\\lib.h(62): Detected non-resource "http://localhost:1080/WebTours/home.html" in "http://localhost:1080/cgi-bin/welcome.pl?signOff=true"  	[MsgId: MMSG-26574]
..\\lib.h(62): Found resource "http://localhost:1080/WebTours/images/mer_login.gif" in HTML "http://localhost:1080/cgi-bin/nav.pl?in=home"  	[MsgId: MMSG-26659]
..\\lib.h(62): Registered web_reg_find successful for "Text=Welcome to the Web Tours site." (count=1)  	[MsgId: MMSG-26364]
..\\lib.h(62): web_url("WebTours") was successful, 10080 body bytes, 2377 header bytes, 24 chunking overhead bytes  	[MsgId: MMSG-26385]
..\\lib.h(72): web_set_sockets_option started  	[MsgId: MMSG-26355]
..\\lib.h(72): web_set_sockets_option was successful  	[MsgId: MMSG-26392]
..\\lib.h(73): web_remove_auto_header("Sec-Fetch-Dest") started  	[MsgId: MMSG-26355]
..\\lib.h(73): Previous automatically added web header for "Sec-Fetch-Dest" removed  	[MsgId: MMSG-26587]
..\\lib.h(73): web_remove/revert_auto_header("Sec-Fetch-Dest") was successful  	[MsgId: MMSG-26392]
..\\lib.h(74): web_remove_auto_header("Sec-Fetch-Mode") started  	[MsgId: MMSG-26355]
..\\lib.h(74): Previous automatically added web header for "Sec-Fetch-Mode" removed  	[MsgId: MMSG-26587]
..\\lib.h(74): web_remove/revert_auto_header("Sec-Fetch-Mode") was successful  	[MsgId: MMSG-26392]
..\\lib.h(75): web_remove_auto_header("Sec-Fetch-Site") started  	[MsgId: MMSG-26355]
..\\lib.h(75): Previous automatically added web header for "Sec-Fetch-Site" removed  	[MsgId: MMSG-26587]
..\\lib.h(75): web_remove/revert_auto_header("Sec-Fetch-Site") was successful  	[MsgId: MMSG-26392]
..\\lib.h(77): Notify: Transaction "open_web_tours" ended with a "Pass" status (Duration: 14,5491 Wasted Time: 0,0005).	[MsgId: MMSG-16871]
Action.c(11): lr_think_time: 5,00 seconds.	[MsgId: MMSG-15948]
..\\lib.h(2): Notify: Transaction "login" started.	[MsgId: MMSG-16999]
..\\lib.h(4): web_add_auto_header("Sec-Fetch-Mode") started  	[MsgId: MMSG-26355]
..\\lib.h(4): web_add_auto_header("Sec-Fetch-Mode") was successful  	[MsgId: MMSG-26392]
..\\lib.h(5): web_add_auto_header("Sec-Fetch-Dest") started  	[MsgId: MMSG-26355]
..\\lib.h(5): web_add_auto_header("Sec-Fetch-Dest") was successful  	[MsgId: MMSG-26392]
..\\lib.h(6): web_add_header("Origin") started  	[MsgId: MMSG-26355]
..\\lib.h(6): web_add_header("Origin") was successful  	[MsgId: MMSG-26392]
..\\lib.h(7): web_add_auto_header("Sec-Fetch-Site") started  	[MsgId: MMSG-26355]
..\\lib.h(7): web_add_auto_header("Sec-Fetch-Site") was successful  	[MsgId: MMSG-26392]
..\\lib.h(8): web_add_auto_header("Sec-Fetch-User") started  	[MsgId: MMSG-26355]
..\\lib.h(8): web_add_auto_header("Sec-Fetch-User") was successful  	[MsgId: MMSG-26392]
..\\lib.h(9): web_add_auto_header("Upgrade-Insecure-Requests") started  	[MsgId: MMSG-26355]
..\\lib.h(9): web_add_auto_header("Upgrade-Insecure-Requests") was successful  	[MsgId: MMSG-26392]
..\\lib.h(10): web_add_auto_header("sec-ch-ua-mobile") started  	[MsgId: MMSG-26355]
..\\lib.h(10): web_add_auto_header("sec-ch-ua-mobile") was successful  	[MsgId: MMSG-26392]
..\\lib.h(12): web_reg_find started  	[MsgId: MMSG-26355]
..\\lib.h(12): Registering web_reg_find was successful  	[MsgId: MMSG-26390]
..\\lib.h(13): web_reg_find started  	[MsgId: MMSG-26355]
..\\lib.h(13): Registering web_reg_find was successful  	[MsgId: MMSG-26390]
..\\lib.h(15): web_submit_data("login.pl") started  	[MsgId: MMSG-26355]
..\\lib.h(15): Detected non-resource "http://localhost:1080/cgi-bin/nav.pl?page=menu&in=home" in "http://localhost:1080/cgi-bin/login.pl"  	[MsgId: MMSG-26574]
..\\lib.h(15): Detected non-resource "http://localhost:1080/cgi-bin/login.pl?intro=true" in "http://localhost:1080/cgi-bin/login.pl"  	[MsgId: MMSG-26574]
..\\lib.h(15): Found resource "http://localhost:1080/WebTours/images/flights.gif" in HTML "http://localhost:1080/cgi-bin/nav.pl?page=menu&in=home"  	[MsgId: MMSG-26659]
..\\lib.h(15): Found resource "http://localhost:1080/WebTours/images/itinerary.gif" in HTML "http://localhost:1080/cgi-bin/nav.pl?page=menu&in=home"  	[MsgId: MMSG-26659]
..\\lib.h(15): Found resource "http://localhost:1080/WebTours/images/in_home.gif" in HTML "http://localhost:1080/cgi-bin/nav.pl?page=menu&in=home"  	[MsgId: MMSG-26659]
..\\lib.h(15): Found resource "http://localhost:1080/WebTours/images/signoff.gif" in HTML "http://localhost:1080/cgi-bin/nav.pl?page=menu&in=home"  	[MsgId: MMSG-26659]
..\\lib.h(15): Registered web_reg_find successful for "Text=User password was correct" (count=1)  	[MsgId: MMSG-26364]
..\\lib.h(15): Registered web_reg_find successful for "Text=Welcome, <b>shrek</b>" (count=1)  	[MsgId: MMSG-26364]
..\\lib.h(15): web_submit_data("login.pl") was successful, 5780 body bytes, 2057 header bytes, 36 chunking overhead bytes  	[MsgId: MMSG-26385]
..\\lib.h(32): Notify: Transaction "login" ended with a "Pass" status (Duration: 16,1200 Wasted Time: 0,0000).	[MsgId: MMSG-16871]
Action.c(15): lr_think_time: 10,00 seconds.	[MsgId: MMSG-15948]
..\\lib.h(82): Notify: Transaction "click_flights" started.	[MsgId: MMSG-16999]
..\\lib.h(84): web_remove_auto_header("Sec-Fetch-User") started  	[MsgId: MMSG-26355]
..\\lib.h(84): Previous automatically added web header for "Sec-Fetch-User" removed  	[MsgId: MMSG-26587]
..\\lib.h(84): web_remove/revert_auto_header("Sec-Fetch-User") was successful  	[MsgId: MMSG-26392]
..\\lib.h(85): web_remove_auto_header("Upgrade-Insecure-Requests") started  	[MsgId: MMSG-26355]
..\\lib.h(85): Previous automatically added web header for "Upgrade-Insecure-Requests" removed  	[MsgId: MMSG-26587]
..\\lib.h(85): web_remove/revert_auto_header("Upgrade-Insecure-Requests") was successful  	[MsgId: MMSG-26392]
..\\lib.h(87): web_reg_find started  	[MsgId: MMSG-26355]
..\\lib.h(87): Registering web_reg_find was successful  	[MsgId: MMSG-26390]
..\\lib.h(89): web_url("Search Flights Button") started  	[MsgId: MMSG-26355]
..\\lib.h(89): Detected non-resource "http://localhost:1080/cgi-bin/nav.pl?page=menu&in=flights" in "http://localhost:1080/cgi-bin/welcome.pl?page=search"  	[MsgId: MMSG-26574]
..\\lib.h(89): Detected non-resource "http://localhost:1080/cgi-bin/reservations.pl?page=welcome" in "http://localhost:1080/cgi-bin/welcome.pl?page=search"  	[MsgId: MMSG-26574]
..\\lib.h(89): Found resource "http://localhost:1080/WebTours/images/in_flights.gif" in HTML "http://localhost:1080/cgi-bin/nav.pl?page=menu&in=flights"  	[MsgId: MMSG-26659]
..\\lib.h(89): Resource "http://localhost:1080/WebTours/images/itinerary.gif" is in the cache already and will not be downloaded again  	[MsgId: MMSG-26655]
..\\lib.h(89): Found resource "http://localhost:1080/WebTours/images/home.gif" in HTML "http://localhost:1080/cgi-bin/nav.pl?page=menu&in=flights"  	[MsgId: MMSG-26659]
..\\lib.h(89): Resource "http://localhost:1080/WebTours/images/signoff.gif" is in the cache already and will not be downloaded again  	[MsgId: MMSG-26655]
..\\lib.h(89): Found resource "http://localhost:1080/WebTours/images/button_next.gif" in HTML "http://localhost:1080/cgi-bin/reservations.pl?page=welcome"  	[MsgId: MMSG-26659]
..\\lib.h(89): Registered web_reg_find successful for "Text=<b>Find Flight</font></b>" (count=1)  	[MsgId: MMSG-26364]
..\\lib.h(89): web_url("Search Flights Button") was successful, 8516 body bytes, 1623 header bytes, 43 chunking overhead bytes  	[MsgId: MMSG-26385]
..\\lib.h(99): Notify: Transaction "click_flights" ended with a "Pass" status (Duration: 13,0275 Wasted Time: 0,0000).	[MsgId: MMSG-16871]
..\\lib.h(192): Notify: Transaction "log_out" started.	[MsgId: MMSG-16999]
..\\lib.h(194): web_add_header("Sec-Fetch-User") started  	[MsgId: MMSG-26355]
..\\lib.h(194): web_add_header("Sec-Fetch-User") was successful  	[MsgId: MMSG-26392]
..\\lib.h(195): web_add_header("Upgrade-Insecure-Requests") started  	[MsgId: MMSG-26355]
..\\lib.h(195): web_add_header("Upgrade-Insecure-Requests") was successful  	[MsgId: MMSG-26392]
..\\lib.h(197): web_reg_find started  	[MsgId: MMSG-26355]
..\\lib.h(197): Registering web_reg_find was successful  	[MsgId: MMSG-26390]
..\\lib.h(199): web_url("SignOff Button") started  	[MsgId: MMSG-26355]
..\\lib.h(199): Detected non-resource "http://localhost:1080/cgi-bin/nav.pl?in=home" in "http://localhost:1080/cgi-bin/welcome.pl?signOff=1"  	[MsgId: MMSG-26574]
..\\lib.h(199): Detected non-resource "http://localhost:1080/WebTours/home.html" in "http://localhost:1080/cgi-bin/welcome.pl?signOff=1"  	[MsgId: MMSG-26574]
..\\lib.h(199): Retrieving data from cache for "http://localhost:1080/WebTours/home.html"  	[MsgId: MMSG-26558]
..\\lib.h(199): Resource "http://localhost:1080/WebTours/images/mer_login.gif" is in the cache already and will not be downloaded again  	[MsgId: MMSG-26655]
..\\lib.h(199): Registered web_reg_find successful for "Text=Welcome to the Web Tours site." (count=1)  	[MsgId: MMSG-26364]
..\\lib.h(199): web_url("SignOff Button") was successful, 2168 body bytes, 582 header bytes, 24 chunking overhead bytes  	[MsgId: MMSG-26385]
..\\lib.h(209): Notify: Transaction "log_out" ended with a "Pass" status (Duration: 0,0944 Wasted Time: 0,0000).	[MsgId: MMSG-16871]
Action.c(21): Notify: Transaction "UC04_Login" ended with a "Pass" status (Duration: 58,8072 Think Time: 15,0153 Wasted Time: 0,0008).	[MsgId: MMSG-16870]
Ending action Action.	[MsgId: MMSG-15918]
Ending iteration 3.	[MsgId: MMSG-15965]
Waiting 141,1910 seconds for iteration pacing.	[MsgId: MMSG-15996]
Starting iteration 4.	[MsgId: MMSG-15968]
Starting action Action.	[MsgId: MMSG-15919]
Action.c(4): Notify: Transaction "UC04_Login" started.	[MsgId: MMSG-16999]
..\\lib.h(37): web_reg_save_param_attrib started  	[MsgId: MMSG-26355]
..\\lib.h(37): Registering web_reg_save_param_attrib was successful  	[MsgId: MMSG-26390]
..\\lib.h(51): Notify: Transaction "open_web_tours" started.	[MsgId: MMSG-16999]
..\\lib.h(53): web_add_auto_header("Sec-Fetch-Site") started  	[MsgId: MMSG-26355]
..\\lib.h(53): web_add_auto_header("Sec-Fetch-Site") was successful  	[MsgId: MMSG-26392]
..\\lib.h(54): web_add_auto_header("Sec-Fetch-Dest") started  	[MsgId: MMSG-26355]
..\\lib.h(54): web_add_auto_header("Sec-Fetch-Dest") was successful  	[MsgId: MMSG-26392]
..\\lib.h(55): web_add_auto_header("Sec-Fetch-Mode") started  	[MsgId: MMSG-26355]
..\\lib.h(55): web_add_auto_header("Sec-Fetch-Mode") was successful  	[MsgId: MMSG-26392]
..\\lib.h(56): web_add_header("Sec-Fetch-User") started  	[MsgId: MMSG-26355]
..\\lib.h(56): web_add_header("Sec-Fetch-User") was successful  	[MsgId: MMSG-26392]
..\\lib.h(57): web_add_header("Upgrade-Insecure-Requests") started  	[MsgId: MMSG-26355]
..\\lib.h(57): web_add_header("Upgrade-Insecure-Requests") was successful  	[MsgId: MMSG-26392]
..\\lib.h(58): web_add_header("sec-ch-ua-mobile") started  	[MsgId: MMSG-26355]
..\\lib.h(58): web_add_header("sec-ch-ua-mobile") was successful  	[MsgId: MMSG-26392]
..\\lib.h(60): web_reg_find started  	[MsgId: MMSG-26355]
..\\lib.h(60): Registering web_reg_find was successful  	[MsgId: MMSG-26390]
..\\lib.h(62): web_url("WebTours") started  	[MsgId: MMSG-26355]
..\\lib.h(62): Detected non-resource "http://localhost:1080/WebTours/header.html" in "http://localhost:1080/WebTours/"  	[MsgId: MMSG-26574]
..\\lib.h(62): Detected non-resource "http://localhost:1080/cgi-bin/welcome.pl?signOff=true" in "http://localhost:1080/WebTours/"  	[MsgId: MMSG-26574]
..\\lib.h(62): Found resource "http://localhost:1080/WebTours/images/hp_logo.png" in HTML "http://localhost:1080/WebTours/header.html"  	[MsgId: MMSG-26659]
..\\lib.h(62): Found resource "http://localhost:1080/WebTours/images/webtours.png" in HTML "http://localhost:1080/WebTours/header.html"  	[MsgId: MMSG-26659]
..\\lib.h(62): Detected non-resource "http://localhost:1080/cgi-bin/nav.pl?in=home" in "http://localhost:1080/cgi-bin/welcome.pl?signOff=true"  	[MsgId: MMSG-26574]
..\\lib.h(62): Detected non-resource "http://localhost:1080/WebTours/home.html" in "http://localhost:1080/cgi-bin/welcome.pl?signOff=true"  	[MsgId: MMSG-26574]
..\\lib.h(62): Found resource "http://localhost:1080/WebTours/images/mer_login.gif" in HTML "http://localhost:1080/cgi-bin/nav.pl?in=home"  	[MsgId: MMSG-26659]
..\\lib.h(62): Registered web_reg_find successful for "Text=Welcome to the Web Tours site." (count=1)  	[MsgId: MMSG-26364]
..\\lib.h(62): web_url("WebTours") was successful, 10080 body bytes, 2379 header bytes, 24 chunking overhead bytes  	[MsgId: MMSG-26385]
..\\lib.h(72): web_set_sockets_option started  	[MsgId: MMSG-26355]
..\\lib.h(72): web_set_sockets_option was successful  	[MsgId: MMSG-26392]
..\\lib.h(73): web_remove_auto_header("Sec-Fetch-Dest") started  	[MsgId: MMSG-26355]
..\\lib.h(73): Previous automatically added web header for "Sec-Fetch-Dest" removed  	[MsgId: MMSG-26587]
..\\lib.h(73): web_remove/revert_auto_header("Sec-Fetch-Dest") was successful  	[MsgId: MMSG-26392]
..\\lib.h(74): web_remove_auto_header("Sec-Fetch-Mode") started  	[MsgId: MMSG-26355]
..\\lib.h(74): Previous automatically added web header for "Sec-Fetch-Mode" removed  	[MsgId: MMSG-26587]
..\\lib.h(74): web_remove/revert_auto_header("Sec-Fetch-Mode") was successful  	[MsgId: MMSG-26392]
..\\lib.h(75): web_remove_auto_header("Sec-Fetch-Site") started  	[MsgId: MMSG-26355]
..\\lib.h(75): Previous automatically added web header for "Sec-Fetch-Site" removed  	[MsgId: MMSG-26587]
..\\lib.h(75): web_remove/revert_auto_header("Sec-Fetch-Site") was successful  	[MsgId: MMSG-26392]
..\\lib.h(77): Notify: Transaction "open_web_tours" ended with a "Pass" status (Duration: 11,1741 Wasted Time: 0,0004).	[MsgId: MMSG-16871]
Action.c(11): lr_think_time: 5,00 seconds.	[MsgId: MMSG-15948]
..\\lib.h(2): Notify: Transaction "login" started.	[MsgId: MMSG-16999]
..\\lib.h(4): web_add_auto_header("Sec-Fetch-Mode") started  	[MsgId: MMSG-26355]
..\\lib.h(4): web_add_auto_header("Sec-Fetch-Mode") was successful  	[MsgId: MMSG-26392]
..\\lib.h(5): web_add_auto_header("Sec-Fetch-Dest") started  	[MsgId: MMSG-26355]
..\\lib.h(5): web_add_auto_header("Sec-Fetch-Dest") was successful  	[MsgId: MMSG-26392]
..\\lib.h(6): web_add_header("Origin") started  	[MsgId: MMSG-26355]
..\\lib.h(6): web_add_header("Origin") was successful  	[MsgId: MMSG-26392]
..\\lib.h(7): web_add_auto_header("Sec-Fetch-Site") started  	[MsgId: MMSG-26355]
..\\lib.h(7): web_add_auto_header("Sec-Fetch-Site") was successful  	[MsgId: MMSG-26392]
..\\lib.h(8): web_add_auto_header("Sec-Fetch-User") started  	[MsgId: MMSG-26355]
..\\lib.h(8): web_add_auto_header("Sec-Fetch-User") was successful  	[MsgId: MMSG-26392]
..\\lib.h(9): web_add_auto_header("Upgrade-Insecure-Requests") started  	[MsgId: MMSG-26355]
..\\lib.h(9): web_add_auto_header("Upgrade-Insecure-Requests") was successful  	[MsgId: MMSG-26392]
..\\lib.h(10): web_add_auto_header("sec-ch-ua-mobile") started  	[MsgId: MMSG-26355]
..\\lib.h(10): web_add_auto_header("sec-ch-ua-mobile") was successful  	[MsgId: MMSG-26392]
..\\lib.h(12): web_reg_find started  	[MsgId: MMSG-26355]
..\\lib.h(12): Registering web_reg_find was successful  	[MsgId: MMSG-26390]
..\\lib.h(13): web_reg_find started  	[MsgId: MMSG-26355]
..\\lib.h(13): Registering web_reg_find was successful  	[MsgId: MMSG-26390]
..\\lib.h(15): web_submit_data("login.pl") started  	[MsgId: MMSG-26355]
..\\lib.h(15): Detected non-resource "http://localhost:1080/cgi-bin/nav.pl?page=menu&in=home" in "http://localhost:1080/cgi-bin/login.pl"  	[MsgId: MMSG-26574]
..\\lib.h(15): Detected non-resource "http://localhost:1080/cgi-bin/login.pl?intro=true" in "http://localhost:1080/cgi-bin/login.pl"  	[MsgId: MMSG-26574]
..\\lib.h(15): Found resource "http://localhost:1080/WebTours/images/flights.gif" in HTML "http://localhost:1080/cgi-bin/nav.pl?page=menu&in=home"  	[MsgId: MMSG-26659]
..\\lib.h(15): Found resource "http://localhost:1080/WebTours/images/itinerary.gif" in HTML "http://localhost:1080/cgi-bin/nav.pl?page=menu&in=home"  	[MsgId: MMSG-26659]
..\\lib.h(15): Found resource "http://localhost:1080/WebTours/images/in_home.gif" in HTML "http://localhost:1080/cgi-bin/nav.pl?page=menu&in=home"  	[MsgId: MMSG-26659]
..\\lib.h(15): Found resource "http://localhost:1080/WebTours/images/signoff.gif" in HTML "http://localhost:1080/cgi-bin/nav.pl?page=menu&in=home"  	[MsgId: MMSG-26659]
..\\lib.h(15): Registered web_reg_find successful for "Text=User password was correct" (count=1)  	[MsgId: MMSG-26364]
..\\lib.h(15): Registered web_reg_find successful for "Text=Welcome, <b>dartwaider</b>" (count=1)  	[MsgId: MMSG-26364]
..\\lib.h(15): web_submit_data("login.pl") was successful, 5785 body bytes, 2065 header bytes, 36 chunking overhead bytes  	[MsgId: MMSG-26385]
..\\lib.h(32): Notify: Transaction "login" ended with a "Pass" status (Duration: 12,0723 Wasted Time: 0,0000).	[MsgId: MMSG-16871]
Action.c(15): lr_think_time: 10,00 seconds.	[MsgId: MMSG-15948]
..\\lib.h(82): Notify: Transaction "click_flights" started.	[MsgId: MMSG-16999]
..\\lib.h(84): web_remove_auto_header("Sec-Fetch-User") started  	[MsgId: MMSG-26355]
..\\lib.h(84): Previous automatically added web header for "Sec-Fetch-User" removed  	[MsgId: MMSG-26587]
..\\lib.h(84): web_remove/revert_auto_header("Sec-Fetch-User") was successful  	[MsgId: MMSG-26392]
..\\lib.h(85): web_remove_auto_header("Upgrade-Insecure-Requests") started  	[MsgId: MMSG-26355]
..\\lib.h(85): Previous automatically added web header for "Upgrade-Insecure-Requests" removed  	[MsgId: MMSG-26587]
..\\lib.h(85): web_remove/revert_auto_header("Upgrade-Insecure-Requests") was successful  	[MsgId: MMSG-26392]
..\\lib.h(87): web_reg_find started  	[MsgId: MMSG-26355]
..\\lib.h(87): Registering web_reg_find was successful  	[MsgId: MMSG-26390]
..\\lib.h(89): web_url("Search Flights Button") started  	[MsgId: MMSG-26355]
..\\lib.h(89): Detected non-resource "http://localhost:1080/cgi-bin/nav.pl?page=menu&in=flights" in "http://localhost:1080/cgi-bin/welcome.pl?page=search"  	[MsgId: MMSG-26574]
..\\lib.h(89): Detected non-resource "http://localhost:1080/cgi-bin/reservations.pl?page=welcome" in "http://localhost:1080/cgi-bin/welcome.pl?page=search"  	[MsgId: MMSG-26574]
..\\lib.h(89): Found resource "http://localhost:1080/WebTours/images/in_flights.gif" in HTML "http://localhost:1080/cgi-bin/nav.pl?page=menu&in=flights"  	[MsgId: MMSG-26659]
..\\lib.h(89): Resource "http://localhost:1080/WebTours/images/itinerary.gif" is in the cache already and will not be downloaded again  	[MsgId: MMSG-26655]
..\\lib.h(89): Found resource "http://localhost:1080/WebTours/images/home.gif" in HTML "http://localhost:1080/cgi-bin/nav.pl?page=menu&in=flights"  	[MsgId: MMSG-26659]
..\\lib.h(89): Resource "http://localhost:1080/WebTours/images/signoff.gif" is in the cache already and will not be downloaded again  	[MsgId: MMSG-26655]
..\\lib.h(89): Found resource "http://localhost:1080/WebTours/images/button_next.gif" in HTML "http://localhost:1080/cgi-bin/reservations.pl?page=welcome"  	[MsgId: MMSG-26659]
..\\lib.h(89): Registered web_reg_find successful for "Text=<b>Find Flight</font></b>" (count=1)  	[MsgId: MMSG-26364]
..\\lib.h(89): web_url("Search Flights Button") was successful, 8516 body bytes, 1623 header bytes, 43 chunking overhead bytes  	[MsgId: MMSG-26385]
..\\lib.h(99): Notify: Transaction "click_flights" ended with a "Pass" status (Duration: 14,1393 Wasted Time: 0,0000).	[MsgId: MMSG-16871]
..\\lib.h(192): Notify: Transaction "log_out" started.	[MsgId: MMSG-16999]
..\\lib.h(194): web_add_header("Sec-Fetch-User") started  	[MsgId: MMSG-26355]
..\\lib.h(194): web_add_header("Sec-Fetch-User") was successful  	[MsgId: MMSG-26392]
..\\lib.h(195): web_add_header("Upgrade-Insecure-Requests") started  	[MsgId: MMSG-26355]
..\\lib.h(195): web_add_header("Upgrade-Insecure-Requests") was successful  	[MsgId: MMSG-26392]
..\\lib.h(197): web_reg_find started  	[MsgId: MMSG-26355]
..\\lib.h(197): Registering web_reg_find was successful  	[MsgId: MMSG-26390]
..\\lib.h(199): web_url("SignOff Button") started  	[MsgId: MMSG-26355]
..\\lib.h(199): Detected non-resource "http://localhost:1080/cgi-bin/nav.pl?in=home" in "http://localhost:1080/cgi-bin/welcome.pl?signOff=1"  	[MsgId: MMSG-26574]
..\\lib.h(199): Detected non-resource "http://localhost:1080/WebTours/home.html" in "http://localhost:1080/cgi-bin/welcome.pl?signOff=1"  	[MsgId: MMSG-26574]
..\\lib.h(199): Retrieving data from cache for "http://localhost:1080/WebTours/home.html"  	[MsgId: MMSG-26558]
..\\lib.h(199): Resource "http://localhost:1080/WebTours/images/mer_login.gif" is in the cache already and will not be downloaded again  	[MsgId: MMSG-26655]
..\\lib.h(199): Registered web_reg_find successful for "Text=Welcome to the Web Tours site." (count=1)  	[MsgId: MMSG-26364]
..\\lib.h(199): web_url("SignOff Button") was successful, 2175 body bytes, 582 header bytes, 24 chunking overhead bytes  	[MsgId: MMSG-26385]
..\\lib.h(209): Notify: Transaction "log_out" ended with a "Pass" status (Duration: 0,0924 Wasted Time: 0,0000).	[MsgId: MMSG-16871]
Action.c(21): Notify: Transaction "UC04_Login" ended with a "Pass" status (Duration: 52,5004 Think Time: 15,0205 Wasted Time: 0,0011).	[MsgId: MMSG-16870]
Ending action Action.	[MsgId: MMSG-15918]
Ending iteration 4.	[MsgId: MMSG-15965]
Waiting 147,4960 seconds for iteration pacing.	[MsgId: MMSG-15996]
Starting iteration 5.	[MsgId: MMSG-15968]
Starting action Action.	[MsgId: MMSG-15919]
Action.c(4): Notify: Transaction "UC04_Login" started.	[MsgId: MMSG-16999]
..\\lib.h(37): web_reg_save_param_attrib started  	[MsgId: MMSG-26355]
..\\lib.h(37): Registering web_reg_save_param_attrib was successful  	[MsgId: MMSG-26390]
..\\lib.h(51): Notify: Transaction "open_web_tours" started.	[MsgId: MMSG-16999]
..\\lib.h(53): web_add_auto_header("Sec-Fetch-Site") started  	[MsgId: MMSG-26355]
..\\lib.h(53): web_add_auto_header("Sec-Fetch-Site") was successful  	[MsgId: MMSG-26392]
..\\lib.h(54): web_add_auto_header("Sec-Fetch-Dest") started  	[MsgId: MMSG-26355]
..\\lib.h(54): web_add_auto_header("Sec-Fetch-Dest") was successful  	[MsgId: MMSG-26392]
..\\lib.h(55): web_add_auto_header("Sec-Fetch-Mode") started  	[MsgId: MMSG-26355]
..\\lib.h(55): web_add_auto_header("Sec-Fetch-Mode") was successful  	[MsgId: MMSG-26392]
..\\lib.h(56): web_add_header("Sec-Fetch-User") started  	[MsgId: MMSG-26355]
..\\lib.h(56): web_add_header("Sec-Fetch-User") was successful  	[MsgId: MMSG-26392]
..\\lib.h(57): web_add_header("Upgrade-Insecure-Requests") started  	[MsgId: MMSG-26355]
..\\lib.h(57): web_add_header("Upgrade-Insecure-Requests") was successful  	[MsgId: MMSG-26392]
..\\lib.h(58): web_add_header("sec-ch-ua-mobile") started  	[MsgId: MMSG-26355]
..\\lib.h(58): web_add_header("sec-ch-ua-mobile") was successful  	[MsgId: MMSG-26392]
..\\lib.h(60): web_reg_find started  	[MsgId: MMSG-26355]
..\\lib.h(60): Registering web_reg_find was successful  	[MsgId: MMSG-26390]
..\\lib.h(62): web_url("WebTours") started  	[MsgId: MMSG-26355]
..\\lib.h(62): Detected non-resource "http://localhost:1080/WebTours/header.html" in "http://localhost:1080/WebTours/"  	[MsgId: MMSG-26574]
..\\lib.h(62): Detected non-resource "http://localhost:1080/cgi-bin/welcome.pl?signOff=true" in "http://localhost:1080/WebTours/"  	[MsgId: MMSG-26574]
..\\lib.h(62): Found resource "http://localhost:1080/WebTours/images/hp_logo.png" in HTML "http://localhost:1080/WebTours/header.html"  	[MsgId: MMSG-26659]
..\\lib.h(62): Found resource "http://localhost:1080/WebTours/images/webtours.png" in HTML "http://localhost:1080/WebTours/header.html"  	[MsgId: MMSG-26659]
..\\lib.h(62): Detected non-resource "http://localhost:1080/cgi-bin/nav.pl?in=home" in "http://localhost:1080/cgi-bin/welcome.pl?signOff=true"  	[MsgId: MMSG-26574]
..\\lib.h(62): Detected non-resource "http://localhost:1080/WebTours/home.html" in "http://localhost:1080/cgi-bin/welcome.pl?signOff=true"  	[MsgId: MMSG-26574]
..\\lib.h(62): Found resource "http://localhost:1080/WebTours/images/mer_login.gif" in HTML "http://localhost:1080/cgi-bin/nav.pl?in=home"  	[MsgId: MMSG-26659]
..\\lib.h(62): Registered web_reg_find successful for "Text=Welcome to the Web Tours site." (count=1)  	[MsgId: MMSG-26364]
..\\lib.h(62): web_url("WebTours") was successful, 10078 body bytes, 2377 header bytes, 24 chunking overhead bytes  	[MsgId: MMSG-26385]
..\\lib.h(72): web_set_sockets_option started  	[MsgId: MMSG-26355]
..\\lib.h(72): web_set_sockets_option was successful  	[MsgId: MMSG-26392]
..\\lib.h(73): web_remove_auto_header("Sec-Fetch-Dest") started  	[MsgId: MMSG-26355]
..\\lib.h(73): Previous automatically added web header for "Sec-Fetch-Dest" removed  	[MsgId: MMSG-26587]
..\\lib.h(73): web_remove/revert_auto_header("Sec-Fetch-Dest") was successful  	[MsgId: MMSG-26392]
..\\lib.h(74): web_remove_auto_header("Sec-Fetch-Mode") started  	[MsgId: MMSG-26355]
..\\lib.h(74): Previous automatically added web header for "Sec-Fetch-Mode" removed  	[MsgId: MMSG-26587]
..\\lib.h(74): web_remove/revert_auto_header("Sec-Fetch-Mode") was successful  	[MsgId: MMSG-26392]
..\\lib.h(75): web_remove_auto_header("Sec-Fetch-Site") started  	[MsgId: MMSG-26355]
..\\lib.h(75): Previous automatically added web header for "Sec-Fetch-Site" removed  	[MsgId: MMSG-26587]
..\\lib.h(75): web_remove/revert_auto_header("Sec-Fetch-Site") was successful  	[MsgId: MMSG-26392]
..\\lib.h(77): Notify: Transaction "open_web_tours" ended with a "Pass" status (Duration: 15,2466 Wasted Time: 0,0006).	[MsgId: MMSG-16871]
Action.c(11): lr_think_time: 5,00 seconds.	[MsgId: MMSG-15948]
..\\lib.h(2): Notify: Transaction "login" started.	[MsgId: MMSG-16999]
..\\lib.h(4): web_add_auto_header("Sec-Fetch-Mode") started  	[MsgId: MMSG-26355]
..\\lib.h(4): web_add_auto_header("Sec-Fetch-Mode") was successful  	[MsgId: MMSG-26392]
..\\lib.h(5): web_add_auto_header("Sec-Fetch-Dest") started  	[MsgId: MMSG-26355]
..\\lib.h(5): web_add_auto_header("Sec-Fetch-Dest") was successful  	[MsgId: MMSG-26392]
..\\lib.h(6): web_add_header("Origin") started  	[MsgId: MMSG-26355]
..\\lib.h(6): web_add_header("Origin") was successful  	[MsgId: MMSG-26392]
..\\lib.h(7): web_add_auto_header("Sec-Fetch-Site") started  	[MsgId: MMSG-26355]
..\\lib.h(7): web_add_auto_header("Sec-Fetch-Site") was successful  	[MsgId: MMSG-26392]
..\\lib.h(8): web_add_auto_header("Sec-Fetch-User") started  	[MsgId: MMSG-26355]
..\\lib.h(8): web_add_auto_header("Sec-Fetch-User") was successful  	[MsgId: MMSG-26392]
..\\lib.h(9): web_add_auto_header("Upgrade-Insecure-Requests") started  	[MsgId: MMSG-26355]
..\\lib.h(9): web_add_auto_header("Upgrade-Insecure-Requests") was successful  	[MsgId: MMSG-26392]
..\\lib.h(10): web_add_auto_header("sec-ch-ua-mobile") started  	[MsgId: MMSG-26355]
..\\lib.h(10): web_add_auto_header("sec-ch-ua-mobile") was successful  	[MsgId: MMSG-26392]
..\\lib.h(12): web_reg_find started  	[MsgId: MMSG-26355]
..\\lib.h(12): Registering web_reg_find was successful  	[MsgId: MMSG-26390]
..\\lib.h(13): web_reg_find started  	[MsgId: MMSG-26355]
..\\lib.h(13): Registering web_reg_find was successful  	[MsgId: MMSG-26390]
..\\lib.h(15): web_submit_data("login.pl") started  	[MsgId: MMSG-26355]
..\\lib.h(15): Detected non-resource "http://localhost:1080/cgi-bin/nav.pl?page=menu&in=home" in "http://localhost:1080/cgi-bin/login.pl"  	[MsgId: MMSG-26574]
..\\lib.h(15): Detected non-resource "http://localhost:1080/cgi-bin/login.pl?intro=true" in "http://localhost:1080/cgi-bin/login.pl"  	[MsgId: MMSG-26574]
..\\lib.h(15): Found resource "http://localhost:1080/WebTours/images/flights.gif" in HTML "http://localhost:1080/cgi-bin/nav.pl?page=menu&in=home"  	[MsgId: MMSG-26659]
..\\lib.h(15): Found resource "http://localhost:1080/WebTours/images/itinerary.gif" in HTML "http://localhost:1080/cgi-bin/nav.pl?page=menu&in=home"  	[MsgId: MMSG-26659]
..\\lib.h(15): Found resource "http://localhost:1080/WebTours/images/in_home.gif" in HTML "http://localhost:1080/cgi-bin/nav.pl?page=menu&in=home"  	[MsgId: MMSG-26659]
..\\lib.h(15): Found resource "http://localhost:1080/WebTours/images/signoff.gif" in HTML "http://localhost:1080/cgi-bin/nav.pl?page=menu&in=home"  	[MsgId: MMSG-26659]
..\\lib.h(15): Registered web_reg_find successful for "Text=User password was correct" (count=1)  	[MsgId: MMSG-26364]
..\\lib.h(15): Registered web_reg_find successful for "Text=Welcome, <b>elmask</b>" (count=1)  	[MsgId: MMSG-26364]
..\\lib.h(15): web_submit_data("login.pl") was successful, 5781 body bytes, 2076 header bytes, 36 chunking overhead bytes  	[MsgId: MMSG-26385]
..\\lib.h(32): Notify: Transaction "login" ended with a "Pass" status (Duration: 14,2561 Wasted Time: 0,0000).	[MsgId: MMSG-16871]
Action.c(15): lr_think_time: 10,00 seconds.	[MsgId: MMSG-15948]
..\\lib.h(82): Notify: Transaction "click_flights" started.	[MsgId: MMSG-16999]
..\\lib.h(84): web_remove_auto_header("Sec-Fetch-User") started  	[MsgId: MMSG-26355]
..\\lib.h(84): Previous automatically added web header for "Sec-Fetch-User" removed  	[MsgId: MMSG-26587]
..\\lib.h(84): web_remove/revert_auto_header("Sec-Fetch-User") was successful  	[MsgId: MMSG-26392]
..\\lib.h(85): web_remove_auto_header("Upgrade-Insecure-Requests") started  	[MsgId: MMSG-26355]
..\\lib.h(85): Previous automatically added web header for "Upgrade-Insecure-Requests" removed  	[MsgId: MMSG-26587]
..\\lib.h(85): web_remove/revert_auto_header("Upgrade-Insecure-Requests") was successful  	[MsgId: MMSG-26392]
..\\lib.h(87): web_reg_find started  	[MsgId: MMSG-26355]
..\\lib.h(87): Registering web_reg_find was successful  	[MsgId: MMSG-26390]
..\\lib.h(89): web_url("Search Flights Button") started  	[MsgId: MMSG-26355]
..\\lib.h(89): Detected non-resource "http://localhost:1080/cgi-bin/nav.pl?page=menu&in=flights" in "http://localhost:1080/cgi-bin/welcome.pl?page=search"  	[MsgId: MMSG-26574]
..\\lib.h(89): Detected non-resource "http://localhost:1080/cgi-bin/reservations.pl?page=welcome" in "http://localhost:1080/cgi-bin/welcome.pl?page=search"  	[MsgId: MMSG-26574]
..\\lib.h(89): Found resource "http://localhost:1080/WebTours/images/in_flights.gif" in HTML "http://localhost:1080/cgi-bin/nav.pl?page=menu&in=flights"  	[MsgId: MMSG-26659]
..\\lib.h(89): Resource "http://localhost:1080/WebTours/images/itinerary.gif" is in the cache already and will not be downloaded again  	[MsgId: MMSG-26655]
..\\lib.h(89): Found resource "http://localhost:1080/WebTours/images/home.gif" in HTML "http://localhost:1080/cgi-bin/nav.pl?page=menu&in=flights"  	[MsgId: MMSG-26659]
..\\lib.h(89): Resource "http://localhost:1080/WebTours/images/signoff.gif" is in the cache already and will not be downloaded again  	[MsgId: MMSG-26655]
..\\lib.h(89): Found resource "http://localhost:1080/WebTours/images/button_next.gif" in HTML "http://localhost:1080/cgi-bin/reservations.pl?page=welcome"  	[MsgId: MMSG-26659]
..\\lib.h(89): Registered web_reg_find successful for "Text=<b>Find Flight</font></b>" (count=1)  	[MsgId: MMSG-26364]
..\\lib.h(89): web_url("Search Flights Button") was successful, 8516 body bytes, 1623 header bytes, 43 chunking overhead bytes  	[MsgId: MMSG-26385]
..\\lib.h(99): Notify: Transaction "click_flights" ended with a "Pass" status (Duration: 13,8400 Wasted Time: 0,0001).	[MsgId: MMSG-16871]
..\\lib.h(192): Notify: Transaction "log_out" started.	[MsgId: MMSG-16999]
..\\lib.h(194): web_add_header("Sec-Fetch-User") started  	[MsgId: MMSG-26355]
..\\lib.h(194): web_add_header("Sec-Fetch-User") was successful  	[MsgId: MMSG-26392]
..\\lib.h(195): web_add_header("Upgrade-Insecure-Requests") started  	[MsgId: MMSG-26355]
..\\lib.h(195): web_add_header("Upgrade-Insecure-Requests") was successful  	[MsgId: MMSG-26392]
..\\lib.h(197): web_reg_find started  	[MsgId: MMSG-26355]
..\\lib.h(197): Registering web_reg_find was successful  	[MsgId: MMSG-26390]
..\\lib.h(199): web_url("SignOff Button") started  	[MsgId: MMSG-26355]
..\\lib.h(199): Detected non-resource "http://localhost:1080/cgi-bin/nav.pl?in=home" in "http://localhost:1080/cgi-bin/welcome.pl?signOff=1"  	[MsgId: MMSG-26574]
..\\lib.h(199): Detected non-resource "http://localhost:1080/WebTours/home.html" in "http://localhost:1080/cgi-bin/welcome.pl?signOff=1"  	[MsgId: MMSG-26574]
..\\lib.h(199): Retrieving data from cache for "http://localhost:1080/WebTours/home.html"  	[MsgId: MMSG-26558]
..\\lib.h(199): Resource "http://localhost:1080/WebTours/images/mer_login.gif" is in the cache already and will not be downloaded again  	[MsgId: MMSG-26655]
..\\lib.h(199): Registered web_reg_find successful for "Text=Welcome to the Web Tours site." (count=1)  	[MsgId: MMSG-26364]
..\\lib.h(199): web_url("SignOff Button") was successful, 2174 body bytes, 582 header bytes, 24 chunking overhead bytes  	[MsgId: MMSG-26385]
..\\lib.h(209): Notify: Transaction "log_out" ended with a "Pass" status (Duration: 0,1126 Wasted Time: 0,0000).	[MsgId: MMSG-16871]
Action.c(21): Notify: Transaction "UC04_Login" ended with a "Pass" status (Duration: 58,4816 Think Time: 15,0253 Wasted Time: 0,0009).	[MsgId: MMSG-16870]
Ending action Action.	[MsgId: MMSG-15918]
Ending iteration 5.	[MsgId: MMSG-15965]
Waiting 141,5180 seconds for iteration pacing.	[MsgId: MMSG-15996]
Starting iteration 6.	[MsgId: MMSG-15968]
Starting action Action.	[MsgId: MMSG-15919]
Action.c(4): Notify: Transaction "UC04_Login" started.	[MsgId: MMSG-16999]
..\\lib.h(37): web_reg_save_param_attrib started  	[MsgId: MMSG-26355]
..\\lib.h(37): Registering web_reg_save_param_attrib was successful  	[MsgId: MMSG-26390]
..\\lib.h(51): Notify: Transaction "open_web_tours" started.	[MsgId: MMSG-16999]
..\\lib.h(53): web_add_auto_header("Sec-Fetch-Site") started  	[MsgId: MMSG-26355]
..\\lib.h(53): web_add_auto_header("Sec-Fetch-Site") was successful  	[MsgId: MMSG-26392]
..\\lib.h(54): web_add_auto_header("Sec-Fetch-Dest") started  	[MsgId: MMSG-26355]
..\\lib.h(54): web_add_auto_header("Sec-Fetch-Dest") was successful  	[MsgId: MMSG-26392]
..\\lib.h(55): web_add_auto_header("Sec-Fetch-Mode") started  	[MsgId: MMSG-26355]
..\\lib.h(55): web_add_auto_header("Sec-Fetch-Mode") was successful  	[MsgId: MMSG-26392]
..\\lib.h(56): web_add_header("Sec-Fetch-User") started  	[MsgId: MMSG-26355]
..\\lib.h(56): web_add_header("Sec-Fetch-User") was successful  	[MsgId: MMSG-26392]
..\\lib.h(57): web_add_header("Upgrade-Insecure-Requests") started  	[MsgId: MMSG-26355]
..\\lib.h(57): web_add_header("Upgrade-Insecure-Requests") was successful  	[MsgId: MMSG-26392]
..\\lib.h(58): web_add_header("sec-ch-ua-mobile") started  	[MsgId: MMSG-26355]
..\\lib.h(58): web_add_header("sec-ch-ua-mobile") was successful  	[MsgId: MMSG-26392]
..\\lib.h(60): web_reg_find started  	[MsgId: MMSG-26355]
..\\lib.h(60): Registering web_reg_find was successful  	[MsgId: MMSG-26390]
..\\lib.h(62): web_url("WebTours") started  	[MsgId: MMSG-26355]
..\\lib.h(62): Detected non-resource "http://localhost:1080/WebTours/header.html" in "http://localhost:1080/WebTours/"  	[MsgId: MMSG-26574]
..\\lib.h(62): Detected non-resource "http://localhost:1080/cgi-bin/welcome.pl?signOff=true" in "http://localhost:1080/WebTours/"  	[MsgId: MMSG-26574]
..\\lib.h(62): Found resource "http://localhost:1080/WebTours/images/hp_logo.png" in HTML "http://localhost:1080/WebTours/header.html"  	[MsgId: MMSG-26659]
..\\lib.h(62): Found resource "http://localhost:1080/WebTours/images/webtours.png" in HTML "http://localhost:1080/WebTours/header.html"  	[MsgId: MMSG-26659]
..\\lib.h(62): Detected non-resource "http://localhost:1080/cgi-bin/nav.pl?in=home" in "http://localhost:1080/cgi-bin/welcome.pl?signOff=true"  	[MsgId: MMSG-26574]
..\\lib.h(62): Detected non-resource "http://localhost:1080/WebTours/home.html" in "http://localhost:1080/cgi-bin/welcome.pl?signOff=true"  	[MsgId: MMSG-26574]
..\\lib.h(62): Found resource "http://localhost:1080/WebTours/images/mer_login.gif" in HTML "http://localhost:1080/cgi-bin/nav.pl?in=home"  	[MsgId: MMSG-26659]
..\\lib.h(62): Registered web_reg_find successful for "Text=Welcome to the Web Tours site." (count=1)  	[MsgId: MMSG-26364]
..\\lib.h(62): web_url("WebTours") was successful, 10079 body bytes, 2377 header bytes, 24 chunking overhead bytes  	[MsgId: MMSG-26385]
..\\lib.h(72): web_set_sockets_option started  	[MsgId: MMSG-26355]
..\\lib.h(72): web_set_sockets_option was successful  	[MsgId: MMSG-26392]
..\\lib.h(73): web_remove_auto_header("Sec-Fetch-Dest") started  	[MsgId: MMSG-26355]
..\\lib.h(73): Previous automatically added web header for "Sec-Fetch-Dest" removed  	[MsgId: MMSG-26587]
..\\lib.h(73): web_remove/revert_auto_header("Sec-Fetch-Dest") was successful  	[MsgId: MMSG-26392]
..\\lib.h(74): web_remove_auto_header("Sec-Fetch-Mode") started  	[MsgId: MMSG-26355]
..\\lib.h(74): Previous automatically added web header for "Sec-Fetch-Mode" removed  	[MsgId: MMSG-26587]
..\\lib.h(74): web_remove/revert_auto_header("Sec-Fetch-Mode") was successful  	[MsgId: MMSG-26392]
..\\lib.h(75): web_remove_auto_header("Sec-Fetch-Site") started  	[MsgId: MMSG-26355]
..\\lib.h(75): Previous automatically added web header for "Sec-Fetch-Site" removed  	[MsgId: MMSG-26587]
..\\lib.h(75): web_remove/revert_auto_header("Sec-Fetch-Site") was successful  	[MsgId: MMSG-26392]
..\\lib.h(77): Notify: Transaction "open_web_tours" ended with a "Pass" status (Duration: 11,1203 Wasted Time: 0,0005).	[MsgId: MMSG-16871]
Action.c(11): lr_think_time: 5,00 seconds.	[MsgId: MMSG-15948]
..\\lib.h(2): Notify: Transaction "login" started.	[MsgId: MMSG-16999]
..\\lib.h(4): web_add_auto_header("Sec-Fetch-Mode") started  	[MsgId: MMSG-26355]
..\\lib.h(4): web_add_auto_header("Sec-Fetch-Mode") was successful  	[MsgId: MMSG-26392]
..\\lib.h(5): web_add_auto_header("Sec-Fetch-Dest") started  	[MsgId: MMSG-26355]
..\\lib.h(5): web_add_auto_header("Sec-Fetch-Dest") was successful  	[MsgId: MMSG-26392]
..\\lib.h(6): web_add_header("Origin") started  	[MsgId: MMSG-26355]
..\\lib.h(6): web_add_header("Origin") was successful  	[MsgId: MMSG-26392]
..\\lib.h(7): web_add_auto_header("Sec-Fetch-Site") started  	[MsgId: MMSG-26355]
..\\lib.h(7): web_add_auto_header("Sec-Fetch-Site") was successful  	[MsgId: MMSG-26392]
..\\lib.h(8): web_add_auto_header("Sec-Fetch-User") started  	[MsgId: MMSG-26355]
..\\lib.h(8): web_add_auto_header("Sec-Fetch-User") was successful  	[MsgId: MMSG-26392]
..\\lib.h(9): web_add_auto_header("Upgrade-Insecure-Requests") started  	[MsgId: MMSG-26355]
..\\lib.h(9): web_add_auto_header("Upgrade-Insecure-Requests") was successful  	[MsgId: MMSG-26392]
..\\lib.h(10): web_add_auto_header("sec-ch-ua-mobile") started  	[MsgId: MMSG-26355]
..\\lib.h(10): web_add_auto_header("sec-ch-ua-mobile") was successful  	[MsgId: MMSG-26392]
..\\lib.h(12): web_reg_find started  	[MsgId: MMSG-26355]
..\\lib.h(12): Registering web_reg_find was successful  	[MsgId: MMSG-26390]
..\\lib.h(13): web_reg_find started  	[MsgId: MMSG-26355]
..\\lib.h(13): Registering web_reg_find was successful  	[MsgId: MMSG-26390]
..\\lib.h(15): web_submit_data("login.pl") started  	[MsgId: MMSG-26355]
..\\lib.h(15): Detected non-resource "http://localhost:1080/cgi-bin/nav.pl?page=menu&in=home" in "http://localhost:1080/cgi-bin/login.pl"  	[MsgId: MMSG-26574]
..\\lib.h(15): Detected non-resource "http://localhost:1080/cgi-bin/login.pl?intro=true" in "http://localhost:1080/cgi-bin/login.pl"  	[MsgId: MMSG-26574]
..\\lib.h(15): Found resource "http://localhost:1080/WebTours/images/flights.gif" in HTML "http://localhost:1080/cgi-bin/nav.pl?page=menu&in=home"  	[MsgId: MMSG-26659]
..\\lib.h(15): Found resource "http://localhost:1080/WebTours/images/itinerary.gif" in HTML "http://localhost:1080/cgi-bin/nav.pl?page=menu&in=home"  	[MsgId: MMSG-26659]
..\\lib.h(15): Found resource "http://localhost:1080/WebTours/images/in_home.gif" in HTML "http://localhost:1080/cgi-bin/nav.pl?page=menu&in=home"  	[MsgId: MMSG-26659]
..\\lib.h(15): Found resource "http://localhost:1080/WebTours/images/signoff.gif" in HTML "http://localhost:1080/cgi-bin/nav.pl?page=menu&in=home"  	[MsgId: MMSG-26659]
..\\lib.h(15): Registered web_reg_find successful for "Text=User password was correct" (count=1)  	[MsgId: MMSG-26364]
..\\lib.h(15): Registered web_reg_find successful for "Text=Welcome, <b>geralt</b>" (count=1)  	[MsgId: MMSG-26364]
..\\lib.h(15): web_submit_data("login.pl") was successful, 5781 body bytes, 2080 header bytes, 36 chunking overhead bytes  	[MsgId: MMSG-26385]
..\\lib.h(32): Notify: Transaction "login" ended with a "Pass" status (Duration: 13,1380 Wasted Time: 0,0000).	[MsgId: MMSG-16871]
Action.c(15): lr_think_time: 10,00 seconds.	[MsgId: MMSG-15948]
..\\lib.h(82): Notify: Transaction "click_flights" started.	[MsgId: MMSG-16999]
..\\lib.h(84): web_remove_auto_header("Sec-Fetch-User") started  	[MsgId: MMSG-26355]
..\\lib.h(84): Previous automatically added web header for "Sec-Fetch-User" removed  	[MsgId: MMSG-26587]
..\\lib.h(84): web_remove/revert_auto_header("Sec-Fetch-User") was successful  	[MsgId: MMSG-26392]
..\\lib.h(85): web_remove_auto_header("Upgrade-Insecure-Requests") started  	[MsgId: MMSG-26355]
..\\lib.h(85): Previous automatically added web header for "Upgrade-Insecure-Requests" removed  	[MsgId: MMSG-26587]
..\\lib.h(85): web_remove/revert_auto_header("Upgrade-Insecure-Requests") was successful  	[MsgId: MMSG-26392]
..\\lib.h(87): web_reg_find started  	[MsgId: MMSG-26355]
..\\lib.h(87): Registering web_reg_find was successful  	[MsgId: MMSG-26390]
..\\lib.h(89): web_url("Search Flights Button") started  	[MsgId: MMSG-26355]
..\\lib.h(89): Detected non-resource "http://localhost:1080/cgi-bin/nav.pl?page=menu&in=flights" in "http://localhost:1080/cgi-bin/welcome.pl?page=search"  	[MsgId: MMSG-26574]
..\\lib.h(89): Detected non-resource "http://localhost:1080/cgi-bin/reservations.pl?page=welcome" in "http://localhost:1080/cgi-bin/welcome.pl?page=search"  	[MsgId: MMSG-26574]
..\\lib.h(89): Found resource "http://localhost:1080/WebTours/images/in_flights.gif" in HTML "http://localhost:1080/cgi-bin/nav.pl?page=menu&in=flights"  	[MsgId: MMSG-26659]
..\\lib.h(89): Resource "http://localhost:1080/WebTours/images/itinerary.gif" is in the cache already and will not be downloaded again  	[MsgId: MMSG-26655]
..\\lib.h(89): Found resource "http://localhost:1080/WebTours/images/home.gif" in HTML "http://localhost:1080/cgi-bin/nav.pl?page=menu&in=flights"  	[MsgId: MMSG-26659]
..\\lib.h(89): Resource "http://localhost:1080/WebTours/images/signoff.gif" is in the cache already and will not be downloaded again  	[MsgId: MMSG-26655]
..\\lib.h(89): Found resource "http://localhost:1080/WebTours/images/button_next.gif" in HTML "http://localhost:1080/cgi-bin/reservations.pl?page=welcome"  	[MsgId: MMSG-26659]
..\\lib.h(89): Registered web_reg_find successful for "Text=<b>Find Flight</font></b>" (count=1)  	[MsgId: MMSG-26364]
..\\lib.h(89): web_url("Search Flights Button") was successful, 8516 body bytes, 1623 header bytes, 43 chunking overhead bytes  	[MsgId: MMSG-26385]
..\\lib.h(99): Notify: Transaction "click_flights" ended with a "Pass" status (Duration: 15,2863 Wasted Time: 0,0000).	[MsgId: MMSG-16871]
..\\lib.h(192): Notify: Transaction "log_out" started.	[MsgId: MMSG-16999]
..\\lib.h(194): web_add_header("Sec-Fetch-User") started  	[MsgId: MMSG-26355]
..\\lib.h(194): web_add_header("Sec-Fetch-User") was successful  	[MsgId: MMSG-26392]
..\\lib.h(195): web_add_header("Upgrade-Insecure-Requests") started  	[MsgId: MMSG-26355]
..\\lib.h(195): web_add_header("Upgrade-Insecure-Requests") was successful  	[MsgId: MMSG-26392]
..\\lib.h(197): web_reg_find started  	[MsgId: MMSG-26355]
..\\lib.h(197): Registering web_reg_find was successful  	[MsgId: MMSG-26390]
..\\lib.h(199): web_url("SignOff Button") started  	[MsgId: MMSG-26355]
..\\lib.h(199): Detected non-resource "http://localhost:1080/cgi-bin/nav.pl?in=home" in "http://localhost:1080/cgi-bin/welcome.pl?signOff=1"  	[MsgId: MMSG-26574]
..\\lib.h(199): Detected non-resource "http://localhost:1080/WebTours/home.html" in "http://localhost:1080/cgi-bin/welcome.pl?signOff=1"  	[MsgId: MMSG-26574]
..\\lib.h(199): Retrieving data from cache for "http://localhost:1080/WebTours/home.html"  	[MsgId: MMSG-26558]
..\\lib.h(199): Resource "http://localhost:1080/WebTours/images/mer_login.gif" is in the cache already and will not be downloaded again  	[MsgId: MMSG-26655]
..\\lib.h(199): Registered web_reg_find successful for "Text=Welcome to the Web Tours site." (count=1)  	[MsgId: MMSG-26364]
..\\lib.h(199): web_url("SignOff Button") was successful, 2174 body bytes, 583 header bytes, 24 chunking overhead bytes  	[MsgId: MMSG-26385]
..\\lib.h(209): Notify: Transaction "log_out" ended with a "Pass" status (Duration: 5,1169 Wasted Time: 0,0000).	[MsgId: MMSG-16871]
Action.c(21): Notify: Transaction "UC04_Login" ended with a "Pass" status (Duration: 59,6744 Think Time: 15,0118 Wasted Time: 0,0008).	[MsgId: MMSG-16870]
Ending action Action.	[MsgId: MMSG-15918]
Ending iteration 6.	[MsgId: MMSG-15965]
Waiting 140,3250 seconds for iteration pacing.	[MsgId: MMSG-15996]
Starting iteration 7.	[MsgId: MMSG-15968]
Starting action Action.	[MsgId: MMSG-15919]
Action.c(4): Notify: Transaction "UC04_Login" started.	[MsgId: MMSG-16999]
..\\lib.h(37): web_reg_save_param_attrib started  	[MsgId: MMSG-26355]
..\\lib.h(37): Registering web_reg_save_param_attrib was successful  	[MsgId: MMSG-26390]
..\\lib.h(51): Notify: Transaction "open_web_tours" started.	[MsgId: MMSG-16999]
..\\lib.h(53): web_add_auto_header("Sec-Fetch-Site") started  	[MsgId: MMSG-26355]
..\\lib.h(53): web_add_auto_header("Sec-Fetch-Site") was successful  	[MsgId: MMSG-26392]
..\\lib.h(54): web_add_auto_header("Sec-Fetch-Dest") started  	[MsgId: MMSG-26355]
..\\lib.h(54): web_add_auto_header("Sec-Fetch-Dest") was successful  	[MsgId: MMSG-26392]
..\\lib.h(55): web_add_auto_header("Sec-Fetch-Mode") started  	[MsgId: MMSG-26355]
..\\lib.h(55): web_add_auto_header("Sec-Fetch-Mode") was successful  	[MsgId: MMSG-26392]
..\\lib.h(56): web_add_header("Sec-Fetch-User") started  	[MsgId: MMSG-26355]
..\\lib.h(56): web_add_header("Sec-Fetch-User") was successful  	[MsgId: MMSG-26392]
..\\lib.h(57): web_add_header("Upgrade-Insecure-Requests") started  	[MsgId: MMSG-26355]
..\\lib.h(57): web_add_header("Upgrade-Insecure-Requests") was successful  	[MsgId: MMSG-26392]
..\\lib.h(58): web_add_header("sec-ch-ua-mobile") started  	[MsgId: MMSG-26355]
..\\lib.h(58): web_add_header("sec-ch-ua-mobile") was successful  	[MsgId: MMSG-26392]
..\\lib.h(60): web_reg_find started  	[MsgId: MMSG-26355]
..\\lib.h(60): Registering web_reg_find was successful  	[MsgId: MMSG-26390]
..\\lib.h(62): web_url("WebTours") started  	[MsgId: MMSG-26355]
..\\lib.h(62): Detected non-resource "http://localhost:1080/WebTours/header.html" in "http://localhost:1080/WebTours/"  	[MsgId: MMSG-26574]
..\\lib.h(62): Detected non-resource "http://localhost:1080/cgi-bin/welcome.pl?signOff=true" in "http://localhost:1080/WebTours/"  	[MsgId: MMSG-26574]
..\\lib.h(62): Found resource "http://localhost:1080/WebTours/images/hp_logo.png" in HTML "http://localhost:1080/WebTours/header.html"  	[MsgId: MMSG-26659]
..\\lib.h(62): Found resource "http://localhost:1080/WebTours/images/webtours.png" in HTML "http://localhost:1080/WebTours/header.html"  	[MsgId: MMSG-26659]
..\\lib.h(62): Detected non-resource "http://localhost:1080/cgi-bin/nav.pl?in=home" in "http://localhost:1080/cgi-bin/welcome.pl?signOff=true"  	[MsgId: MMSG-26574]
..\\lib.h(62): Detected non-resource "http://localhost:1080/WebTours/home.html" in "http://localhost:1080/cgi-bin/welcome.pl?signOff=true"  	[MsgId: MMSG-26574]
..\\lib.h(62): Found resource "http://localhost:1080/WebTours/images/mer_login.gif" in HTML "http://localhost:1080/cgi-bin/nav.pl?in=home"  	[MsgId: MMSG-26659]
..\\lib.h(62): Registered web_reg_find successful for "Text=Welcome to the Web Tours site." (count=1)  	[MsgId: MMSG-26364]
..\\lib.h(62): web_url("WebTours") was successful, 10078 body bytes, 2377 header bytes, 24 chunking overhead bytes  	[MsgId: MMSG-26385]
..\\lib.h(72): web_set_sockets_option started  	[MsgId: MMSG-26355]
..\\lib.h(72): web_set_sockets_option was successful  	[MsgId: MMSG-26392]
..\\lib.h(73): web_remove_auto_header("Sec-Fetch-Dest") started  	[MsgId: MMSG-26355]
..\\lib.h(73): Previous automatically added web header for "Sec-Fetch-Dest" removed  	[MsgId: MMSG-26587]
..\\lib.h(73): web_remove/revert_auto_header("Sec-Fetch-Dest") was successful  	[MsgId: MMSG-26392]
..\\lib.h(74): web_remove_auto_header("Sec-Fetch-Mode") started  	[MsgId: MMSG-26355]
..\\lib.h(74): Previous automatically added web header for "Sec-Fetch-Mode" removed  	[MsgId: MMSG-26587]
..\\lib.h(74): web_remove/revert_auto_header("Sec-Fetch-Mode") was successful  	[MsgId: MMSG-26392]
..\\lib.h(75): web_remove_auto_header("Sec-Fetch-Site") started  	[MsgId: MMSG-26355]
..\\lib.h(75): Previous automatically added web header for "Sec-Fetch-Site" removed  	[MsgId: MMSG-26587]
..\\lib.h(75): web_remove/revert_auto_header("Sec-Fetch-Site") was successful  	[MsgId: MMSG-26392]
..\\lib.h(77): Notify: Transaction "open_web_tours" ended with a "Pass" status (Duration: 14,0587 Wasted Time: 0,0005).	[MsgId: MMSG-16871]
Action.c(11): lr_think_time: 5,00 seconds.	[MsgId: MMSG-15948]
..\\lib.h(2): Notify: Transaction "login" started.	[MsgId: MMSG-16999]
..\\lib.h(4): web_add_auto_header("Sec-Fetch-Mode") started  	[MsgId: MMSG-26355]
..\\lib.h(4): web_add_auto_header("Sec-Fetch-Mode") was successful  	[MsgId: MMSG-26392]
..\\lib.h(5): web_add_auto_header("Sec-Fetch-Dest") started  	[MsgId: MMSG-26355]
..\\lib.h(5): web_add_auto_header("Sec-Fetch-Dest") was successful  	[MsgId: MMSG-26392]
..\\lib.h(6): web_add_header("Origin") started  	[MsgId: MMSG-26355]
..\\lib.h(6): web_add_header("Origin") was successful  	[MsgId: MMSG-26392]
..\\lib.h(7): web_add_auto_header("Sec-Fetch-Site") started  	[MsgId: MMSG-26355]
..\\lib.h(7): web_add_auto_header("Sec-Fetch-Site") was successful  	[MsgId: MMSG-26392]
..\\lib.h(8): web_add_auto_header("Sec-Fetch-User") started  	[MsgId: MMSG-26355]
..\\lib.h(8): web_add_auto_header("Sec-Fetch-User") was successful  	[MsgId: MMSG-26392]
..\\lib.h(9): web_add_auto_header("Upgrade-Insecure-Requests") started  	[MsgId: MMSG-26355]
..\\lib.h(9): web_add_auto_header("Upgrade-Insecure-Requests") was successful  	[MsgId: MMSG-26392]
..\\lib.h(10): web_add_auto_header("sec-ch-ua-mobile") started  	[MsgId: MMSG-26355]
..\\lib.h(10): web_add_auto_header("sec-ch-ua-mobile") was successful  	[MsgId: MMSG-26392]
..\\lib.h(12): web_reg_find started  	[MsgId: MMSG-26355]
..\\lib.h(12): Registering web_reg_find was successful  	[MsgId: MMSG-26390]
..\\lib.h(13): web_reg_find started  	[MsgId: MMSG-26355]
..\\lib.h(13): Registering web_reg_find was successful  	[MsgId: MMSG-26390]
..\\lib.h(15): web_submit_data("login.pl") started  	[MsgId: MMSG-26355]
..\\lib.h(15): Detected non-resource "http://localhost:1080/cgi-bin/nav.pl?page=menu&in=home" in "http://localhost:1080/cgi-bin/login.pl"  	[MsgId: MMSG-26574]
..\\lib.h(15): Detected non-resource "http://localhost:1080/cgi-bin/login.pl?intro=true" in "http://localhost:1080/cgi-bin/login.pl"  	[MsgId: MMSG-26574]
..\\lib.h(15): Found resource "http://localhost:1080/WebTours/images/flights.gif" in HTML "http://localhost:1080/cgi-bin/nav.pl?page=menu&in=home"  	[MsgId: MMSG-26659]
..\\lib.h(15): Found resource "http://localhost:1080/WebTours/images/itinerary.gif" in HTML "http://localhost:1080/cgi-bin/nav.pl?page=menu&in=home"  	[MsgId: MMSG-26659]
..\\lib.h(15): Found resource "http://localhost:1080/WebTours/images/in_home.gif" in HTML "http://localhost:1080/cgi-bin/nav.pl?page=menu&in=home"  	[MsgId: MMSG-26659]
..\\lib.h(15): Found resource "http://localhost:1080/WebTours/images/signoff.gif" in HTML "http://localhost:1080/cgi-bin/nav.pl?page=menu&in=home"  	[MsgId: MMSG-26659]
..\\lib.h(15): Registered web_reg_find successful for "Text=User password was correct" (count=1)  	[MsgId: MMSG-26364]
..\\lib.h(15): Registered web_reg_find successful for "Text=Welcome, <b>tarrantino</b>" (count=1)  	[MsgId: MMSG-26364]
..\\lib.h(15): web_submit_data("login.pl") was successful, 5785 body bytes, 2083 header bytes, 36 chunking overhead bytes  	[MsgId: MMSG-26385]
..\\lib.h(32): Notify: Transaction "login" ended with a "Pass" status (Duration: 13,9622 Wasted Time: 0,0000).	[MsgId: MMSG-16871]
Action.c(15): lr_think_time: 10,00 seconds.	[MsgId: MMSG-15948]
..\\lib.h(82): Notify: Transaction "click_flights" started.	[MsgId: MMSG-16999]
..\\lib.h(84): web_remove_auto_header("Sec-Fetch-User") started  	[MsgId: MMSG-26355]
..\\lib.h(84): Previous automatically added web header for "Sec-Fetch-User" removed  	[MsgId: MMSG-26587]
..\\lib.h(84): web_remove/revert_auto_header("Sec-Fetch-User") was successful  	[MsgId: MMSG-26392]
..\\lib.h(85): web_remove_auto_header("Upgrade-Insecure-Requests") started  	[MsgId: MMSG-26355]
..\\lib.h(85): Previous automatically added web header for "Upgrade-Insecure-Requests" removed  	[MsgId: MMSG-26587]
..\\lib.h(85): web_remove/revert_auto_header("Upgrade-Insecure-Requests") was successful  	[MsgId: MMSG-26392]
..\\lib.h(87): web_reg_find started  	[MsgId: MMSG-26355]
..\\lib.h(87): Registering web_reg_find was successful  	[MsgId: MMSG-26390]
..\\lib.h(89): web_url("Search Flights Button") started  	[MsgId: MMSG-26355]
..\\lib.h(89): Detected non-resource "http://localhost:1080/cgi-bin/nav.pl?page=menu&in=flights" in "http://localhost:1080/cgi-bin/welcome.pl?page=search"  	[MsgId: MMSG-26574]
..\\lib.h(89): Detected non-resource "http://localhost:1080/cgi-bin/reservations.pl?page=welcome" in "http://localhost:1080/cgi-bin/welcome.pl?page=search"  	[MsgId: MMSG-26574]
..\\lib.h(89): Found resource "http://localhost:1080/WebTours/images/in_flights.gif" in HTML "http://localhost:1080/cgi-bin/nav.pl?page=menu&in=flights"  	[MsgId: MMSG-26659]
..\\lib.h(89): Resource "http://localhost:1080/WebTours/images/itinerary.gif" is in the cache already and will not be downloaded again  	[MsgId: MMSG-26655]
..\\lib.h(89): Found resource "http://localhost:1080/WebTours/images/home.gif" in HTML "http://localhost:1080/cgi-bin/nav.pl?page=menu&in=flights"  	[MsgId: MMSG-26659]
..\\lib.h(89): Resource "http://localhost:1080/WebTours/images/signoff.gif" is in the cache already and will not be downloaded again  	[MsgId: MMSG-26655]
..\\lib.h(89): Found resource "http://localhost:1080/WebTours/images/button_next.gif" in HTML "http://localhost:1080/cgi-bin/reservations.pl?page=welcome"  	[MsgId: MMSG-26659]
..\\lib.h(89): Registered web_reg_find successful for "Text=<b>Find Flight</font></b>" (count=1)  	[MsgId: MMSG-26364]
..\\lib.h(89): web_url("Search Flights Button") was successful, 8516 body bytes, 1623 header bytes, 43 chunking overhead bytes  	[MsgId: MMSG-26385]
..\\lib.h(99): Notify: Transaction "click_flights" ended with a "Pass" status (Duration: 11,7599 Wasted Time: 0,0000).	[MsgId: MMSG-16871]
..\\lib.h(192): Notify: Transaction "log_out" started.	[MsgId: MMSG-16999]
..\\lib.h(194): web_add_header("Sec-Fetch-User") started  	[MsgId: MMSG-26355]
..\\lib.h(194): web_add_header("Sec-Fetch-User") was successful  	[MsgId: MMSG-26392]
..\\lib.h(195): web_add_header("Upgrade-Insecure-Requests") started  	[MsgId: MMSG-26355]
..\\lib.h(195): web_add_header("Upgrade-Insecure-Requests") was successful  	[MsgId: MMSG-26392]
..\\lib.h(197): web_reg_find started  	[MsgId: MMSG-26355]
..\\lib.h(197): Registering web_reg_find was successful  	[MsgId: MMSG-26390]
..\\lib.h(199): web_url("SignOff Button") started  	[MsgId: MMSG-26355]
..\\lib.h(199): Detected non-resource "http://localhost:1080/cgi-bin/nav.pl?in=home" in "http://localhost:1080/cgi-bin/welcome.pl?signOff=1"  	[MsgId: MMSG-26574]
..\\lib.h(199): Detected non-resource "http://localhost:1080/WebTours/home.html" in "http://localhost:1080/cgi-bin/welcome.pl?signOff=1"  	[MsgId: MMSG-26574]
..\\lib.h(199): Retrieving data from cache for "http://localhost:1080/WebTours/home.html"  	[MsgId: MMSG-26558]
..\\lib.h(199): Resource "http://localhost:1080/WebTours/images/mer_login.gif" is in the cache already and will not be downloaded again  	[MsgId: MMSG-26655]
..\\lib.h(199): Registered web_reg_find successful for "Text=Welcome to the Web Tours site." (count=1)  	[MsgId: MMSG-26364]
..\\lib.h(199): web_url("SignOff Button") was successful, 2176 body bytes, 582 header bytes, 24 chunking overhead bytes  	[MsgId: MMSG-26385]
..\\lib.h(209): Notify: Transaction "log_out" ended with a "Pass" status (Duration: 0,1181 Wasted Time: 0,0000).	[MsgId: MMSG-16871]
Action.c(21): Notify: Transaction "UC04_Login" ended with a "Pass" status (Duration: 54,9272 Think Time: 15,0265 Wasted Time: 0,0014).	[MsgId: MMSG-16870]
Ending action Action.	[MsgId: MMSG-15918]
Ending iteration 7.	[MsgId: MMSG-15965]
Waiting 145,0710 seconds for iteration pacing.	[MsgId: MMSG-15996]
Ending Vuser...	[MsgId: MMSG-15966]
Starting action vuser_end.	[MsgId: MMSG-15919]
Ending action vuser_end.	[MsgId: MMSG-15918]
Vuser Terminated.	[MsgId: MMSG-15963]
