Start auto log messages stack - Iteration 4.	[MsgId: MMSG-10545]
..\\lib.h(139): web_add_auto_header("Sec-Fetch-User") was successful  	[MsgId: MMSG-26392]
..\\lib.h(140): web_add_auto_header("Upgrade-Insecure-Requests") started  	[MsgId: MMSG-26355]
..\\lib.h(140): web_add_auto_header("Upgrade-Insecure-Requests") was successful  	[MsgId: MMSG-26392]
..\\lib.h(143): web_reg_find started  	[MsgId: MMSG-26355]
..\\lib.h(143): Registering web_reg_find was successful  	[MsgId: MMSG-26390]
..\\lib.h(148): web_reg_save_param_attrib started  	[MsgId: MMSG-26355]
..\\lib.h(148): Registering web_reg_save_param_attrib was successful  	[MsgId: MMSG-26390]
..\\lib.h(161): web_submit_data("reservations.pl") started  	[MsgId: MMSG-26355]
..\\lib.h(161): Error -27721: Step download timeout (120 seconds) has expired when downloading resource "http://localhost:1080/cgi-bin/reservations.pl"  	[MsgId: MERR-27721]
End auto log messages stack.	[MsgId: MMSG-10544]


Start auto log messages stack - Iteration 4.	[MsgId: MMSG-10545]
..\\lib.h(161): Aborting pending download of URL="http://localhost:1080/cgi-bin/reservations.pl" (RelFrameId=1, Internal ID=100)  	[MsgId: MMSG-27649]
..\\lib.h(161): Error -35048: No match found for the requested parameter "outboundFlight". Check whether the tag with specific attributes exists in the response data  	[MsgId: MERR-35048]
..\\lib.h(161): Error -26366: "Text=Flight departing from <B>Sydney</B>" not found for web_reg_find  	[MsgId: MERR-26366]
..\\lib.h(161): Error -26374: The above "not found" error(s) may be explained by header and body byte counts being 0 and 0, respectively.  	[MsgId: MERR-26374]
End auto log messages stack.	[MsgId: MMSG-10544]


Start auto log messages stack - Iteration 16.	[MsgId: MMSG-10545]
..\\lib.h(15): Detected non-resource "http://localhost:1080/cgi-bin/login.pl?intro=true" in "http://localhost:1080/cgi-bin/login.pl"  	[MsgId: MMSG-26574]
..\\lib.h(15): Found resource "http://localhost:1080/WebTours/images/flights.gif" in HTML "http://localhost:1080/cgi-bin/nav.pl?page=menu&in=home"  	[MsgId: MMSG-26659]
..\\lib.h(15): Found resource "http://localhost:1080/WebTours/images/itinerary.gif" in HTML "http://localhost:1080/cgi-bin/nav.pl?page=menu&in=home"  	[MsgId: MMSG-26659]
..\\lib.h(15): Found resource "http://localhost:1080/WebTours/images/in_home.gif" in HTML "http://localhost:1080/cgi-bin/nav.pl?page=menu&in=home"  	[MsgId: MMSG-26659]
..\\lib.h(15): Found resource "http://localhost:1080/WebTours/images/signoff.gif" in HTML "http://localhost:1080/cgi-bin/nav.pl?page=menu&in=home"  	[MsgId: MMSG-26659]
..\\lib.h(15): Error -26612: HTTP Status-Code=500 (Internal Server Error) for "http://localhost:1080/cgi-bin/login.pl?intro=true"  	[MsgId: MERR-26612]
End auto log messages stack.	[MsgId: MMSG-10544]


Start auto log messages stack - Iteration 16.	[MsgId: MMSG-10545]
..\\lib.h(15): Registered web_reg_find successful for "Text=User password was correct" (count=1)  	[MsgId: MMSG-26364]
..\\lib.h(15): Error -26366: "Text=Welcome, <b>shrek</b>" not found for web_reg_find  	[MsgId: MERR-26366]
End auto log messages stack.	[MsgId: MMSG-10544]


