Virtual User Script started at: 29.11.2023 14:30:18	[MsgId: MMSG-15967]
Starting action vuser_init.	[MsgId: MMSG-15919]
Web Turbo Replay of LoadRunner 2020.0.0 for Windows 10; build 793 (ноя 27 2019 19:51:20)  	[MsgId: MMSG-26983]
Run mode: HTML  	[MsgId: MMSG-26993]
Replay user agent: Mozilla/5.0 (Windows NT 10.0; WOW64; Trident/7.0; rv:11.0) like Gecko  	[MsgId: MMSG-26988]
Runtime Settings file: "C:\Users\cgvgv\AppData\Local\Temp\lr5tmpdirk55.174\lrcfgPLm.175\cfgadT.200"  	[MsgId: MMSG-27141]
Ending action vuser_init.	[MsgId: MMSG-15918]
Running Vuser...	[MsgId: MMSG-15964]
Starting iteration 1.	[MsgId: MMSG-15968]
Maximum number of concurrent connections per server: 6  	[MsgId: MMSG-26989]
Starting action Action.	[MsgId: MMSG-15919]
Action.c(4): Notify: Transaction "UC04_Login" started.	[MsgId: MMSG-16999]
..\\lib.h(37): web_reg_save_param_attrib started  	[MsgId: MMSG-26355]
..\\lib.h(37): Registering web_reg_save_param_attrib was successful  	[MsgId: MMSG-26390]
..\\lib.h(51): Notify: Transaction "open_web_tours" started.	[MsgId: MMSG-16999]
..\\lib.h(53): web_add_auto_header("Sec-Fetch-Site") started  	[MsgId: MMSG-26355]
..\\lib.h(53): web_add_auto_header("Sec-Fetch-Site") was successful  	[MsgId: MMSG-26392]
..\\lib.h(54): web_add_auto_header("Sec-Fetch-Dest") started  	[MsgId: MMSG-26355]
..\\lib.h(54): web_add_auto_header("Sec-Fetch-Dest") was successful  	[MsgId: MMSG-26392]
..\\lib.h(55): web_add_auto_header("Sec-Fetch-Mode") started  	[MsgId: MMSG-26355]
..\\lib.h(55): web_add_auto_header("Sec-Fetch-Mode") was successful  	[MsgId: MMSG-26392]
..\\lib.h(56): web_add_header("Sec-Fetch-User") started  	[MsgId: MMSG-26355]
..\\lib.h(56): web_add_header("Sec-Fetch-User") was successful  	[MsgId: MMSG-26392]
..\\lib.h(57): web_add_header("Upgrade-Insecure-Requests") started  	[MsgId: MMSG-26355]
..\\lib.h(57): web_add_header("Upgrade-Insecure-Requests") was successful  	[MsgId: MMSG-26392]
..\\lib.h(58): web_add_header("sec-ch-ua-mobile") started  	[MsgId: MMSG-26355]
..\\lib.h(58): web_add_header("sec-ch-ua-mobile") was successful  	[MsgId: MMSG-26392]
..\\lib.h(60): web_reg_find started  	[MsgId: MMSG-26355]
..\\lib.h(60): Registering web_reg_find was successful  	[MsgId: MMSG-26390]
..\\lib.h(62): web_url("WebTours") started  	[MsgId: MMSG-26355]
..\\lib.h(62): Detected non-resource "http://localhost:1080/WebTours/header.html" in "http://localhost:1080/WebTours/"  	[MsgId: MMSG-26574]
..\\lib.h(62): Detected non-resource "http://localhost:1080/cgi-bin/welcome.pl?signOff=true" in "http://localhost:1080/WebTours/"  	[MsgId: MMSG-26574]
..\\lib.h(62): Found resource "http://localhost:1080/WebTours/images/hp_logo.png" in HTML "http://localhost:1080/WebTours/header.html"  	[MsgId: MMSG-26659]
..\\lib.h(62): Found resource "http://localhost:1080/WebTours/images/webtours.png" in HTML "http://localhost:1080/WebTours/header.html"  	[MsgId: MMSG-26659]
..\\lib.h(62): Detected non-resource "http://localhost:1080/cgi-bin/nav.pl?in=home" in "http://localhost:1080/cgi-bin/welcome.pl?signOff=true"  	[MsgId: MMSG-26574]
..\\lib.h(62): Detected non-resource "http://localhost:1080/WebTours/home.html" in "http://localhost:1080/cgi-bin/welcome.pl?signOff=true"  	[MsgId: MMSG-26574]
..\\lib.h(62): Found resource "http://localhost:1080/WebTours/images/mer_login.gif" in HTML "http://localhost:1080/cgi-bin/nav.pl?in=home"  	[MsgId: MMSG-26659]
..\\lib.h(62): Registered web_reg_find successful for "Text=Welcome to the Web Tours site." (count=1)  	[MsgId: MMSG-26364]
..\\lib.h(62): web_url("WebTours") was successful, 10074 body bytes, 2377 header bytes, 24 chunking overhead bytes  	[MsgId: MMSG-26385]
..\\lib.h(72): web_set_sockets_option started  	[MsgId: MMSG-26355]
..\\lib.h(72): web_set_sockets_option was successful  	[MsgId: MMSG-26392]
..\\lib.h(73): web_remove_auto_header("Sec-Fetch-Dest") started  	[MsgId: MMSG-26355]
..\\lib.h(73): Previous automatically added web header for "Sec-Fetch-Dest" removed  	[MsgId: MMSG-26587]
..\\lib.h(73): web_remove/revert_auto_header("Sec-Fetch-Dest") was successful  	[MsgId: MMSG-26392]
..\\lib.h(74): web_remove_auto_header("Sec-Fetch-Mode") started  	[MsgId: MMSG-26355]
..\\lib.h(74): Previous automatically added web header for "Sec-Fetch-Mode" removed  	[MsgId: MMSG-26587]
..\\lib.h(74): web_remove/revert_auto_header("Sec-Fetch-Mode") was successful  	[MsgId: MMSG-26392]
..\\lib.h(75): web_remove_auto_header("Sec-Fetch-Site") started  	[MsgId: MMSG-26355]
..\\lib.h(75): Previous automatically added web header for "Sec-Fetch-Site" removed  	[MsgId: MMSG-26587]
..\\lib.h(75): web_remove/revert_auto_header("Sec-Fetch-Site") was successful  	[MsgId: MMSG-26392]
..\\lib.h(77): Notify: Transaction "open_web_tours" ended with a "Pass" status (Duration: 0,1805 Wasted Time: 0,0264).	[MsgId: MMSG-16871]
Action.c(11): lr_think_time: 5,00 seconds.	[MsgId: MMSG-15948]
Virtual User Script started at: 29.11.2023 14:30:21	[MsgId: MMSG-15967]
Starting action vuser_init.	[MsgId: MMSG-15919]
Web Turbo Replay of LoadRunner 2020.0.0 for Windows 10; build 793 (ноя 27 2019 19:51:20)  	[MsgId: MMSG-26983]
Run mode: HTML  	[MsgId: MMSG-26993]
Replay user agent: Mozilla/5.0 (Windows NT 10.0; WOW64; Trident/7.0; rv:11.0) like Gecko  	[MsgId: MMSG-26988]
Runtime Settings file: "C:\Users\cgvgv\AppData\Local\Temp\lr5tmpdirk55.174\lrcfgPLm.175\cfgadT.200"  	[MsgId: MMSG-27141]
Ending action vuser_init.	[MsgId: MMSG-15918]
Running Vuser...	[MsgId: MMSG-15964]
Starting iteration 1.	[MsgId: MMSG-15968]
Maximum number of concurrent connections per server: 6  	[MsgId: MMSG-26989]
Starting action Action.	[MsgId: MMSG-15919]
Action.c(4): Notify: Transaction "UC04_Login" started.	[MsgId: MMSG-16999]
..\\lib.h(37): web_reg_save_param_attrib started  	[MsgId: MMSG-26355]
..\\lib.h(37): Registering web_reg_save_param_attrib was successful  	[MsgId: MMSG-26390]
..\\lib.h(51): Notify: Transaction "open_web_tours" started.	[MsgId: MMSG-16999]
..\\lib.h(53): web_add_auto_header("Sec-Fetch-Site") started  	[MsgId: MMSG-26355]
..\\lib.h(53): web_add_auto_header("Sec-Fetch-Site") was successful  	[MsgId: MMSG-26392]
..\\lib.h(54): web_add_auto_header("Sec-Fetch-Dest") started  	[MsgId: MMSG-26355]
..\\lib.h(54): web_add_auto_header("Sec-Fetch-Dest") was successful  	[MsgId: MMSG-26392]
..\\lib.h(55): web_add_auto_header("Sec-Fetch-Mode") started  	[MsgId: MMSG-26355]
..\\lib.h(55): web_add_auto_header("Sec-Fetch-Mode") was successful  	[MsgId: MMSG-26392]
..\\lib.h(56): web_add_header("Sec-Fetch-User") started  	[MsgId: MMSG-26355]
..\\lib.h(56): web_add_header("Sec-Fetch-User") was successful  	[MsgId: MMSG-26392]
..\\lib.h(57): web_add_header("Upgrade-Insecure-Requests") started  	[MsgId: MMSG-26355]
..\\lib.h(57): web_add_header("Upgrade-Insecure-Requests") was successful  	[MsgId: MMSG-26392]
..\\lib.h(58): web_add_header("sec-ch-ua-mobile") started  	[MsgId: MMSG-26355]
..\\lib.h(58): web_add_header("sec-ch-ua-mobile") was successful  	[MsgId: MMSG-26392]
..\\lib.h(60): web_reg_find started  	[MsgId: MMSG-26355]
..\\lib.h(60): Registering web_reg_find was successful  	[MsgId: MMSG-26390]
..\\lib.h(62): web_url("WebTours") started  	[MsgId: MMSG-26355]
..\\lib.h(62): Detected non-resource "http://localhost:1080/WebTours/header.html" in "http://localhost:1080/WebTours/"  	[MsgId: MMSG-26574]
..\\lib.h(62): Detected non-resource "http://localhost:1080/cgi-bin/welcome.pl?signOff=true" in "http://localhost:1080/WebTours/"  	[MsgId: MMSG-26574]
..\\lib.h(62): Found resource "http://localhost:1080/WebTours/images/hp_logo.png" in HTML "http://localhost:1080/WebTours/header.html"  	[MsgId: MMSG-26659]
..\\lib.h(62): Found resource "http://localhost:1080/WebTours/images/webtours.png" in HTML "http://localhost:1080/WebTours/header.html"  	[MsgId: MMSG-26659]
..\\lib.h(62): Detected non-resource "http://localhost:1080/cgi-bin/nav.pl?in=home" in "http://localhost:1080/cgi-bin/welcome.pl?signOff=true"  	[MsgId: MMSG-26574]
..\\lib.h(62): Detected non-resource "http://localhost:1080/WebTours/home.html" in "http://localhost:1080/cgi-bin/welcome.pl?signOff=true"  	[MsgId: MMSG-26574]
..\\lib.h(62): Found resource "http://localhost:1080/WebTours/images/mer_login.gif" in HTML "http://localhost:1080/cgi-bin/nav.pl?in=home"  	[MsgId: MMSG-26659]
..\\lib.h(62): Registered web_reg_find successful for "Text=Welcome to the Web Tours site." (count=1)  	[MsgId: MMSG-26364]
..\\lib.h(62): web_url("WebTours") was successful, 10076 body bytes, 2377 header bytes, 24 chunking overhead bytes  	[MsgId: MMSG-26385]
..\\lib.h(72): web_set_sockets_option started  	[MsgId: MMSG-26355]
..\\lib.h(72): web_set_sockets_option was successful  	[MsgId: MMSG-26392]
..\\lib.h(73): web_remove_auto_header("Sec-Fetch-Dest") started  	[MsgId: MMSG-26355]
..\\lib.h(73): Previous automatically added web header for "Sec-Fetch-Dest" removed  	[MsgId: MMSG-26587]
..\\lib.h(73): web_remove/revert_auto_header("Sec-Fetch-Dest") was successful  	[MsgId: MMSG-26392]
..\\lib.h(74): web_remove_auto_header("Sec-Fetch-Mode") started  	[MsgId: MMSG-26355]
..\\lib.h(74): Previous automatically added web header for "Sec-Fetch-Mode" removed  	[MsgId: MMSG-26587]
..\\lib.h(74): web_remove/revert_auto_header("Sec-Fetch-Mode") was successful  	[MsgId: MMSG-26392]
..\\lib.h(75): web_remove_auto_header("Sec-Fetch-Site") started  	[MsgId: MMSG-26355]
..\\lib.h(75): Previous automatically added web header for "Sec-Fetch-Site" removed  	[MsgId: MMSG-26587]
..\\lib.h(75): web_remove/revert_auto_header("Sec-Fetch-Site") was successful  	[MsgId: MMSG-26392]
..\\lib.h(77): Notify: Transaction "open_web_tours" ended with a "Pass" status (Duration: 0,1043 Wasted Time: 0,0006).	[MsgId: MMSG-16871]
Action.c(11): lr_think_time: 5,00 seconds.	[MsgId: MMSG-15948]
..\\lib.h(2): Notify: Transaction "login" started.	[MsgId: MMSG-16999]
..\\lib.h(4): web_add_auto_header("Sec-Fetch-Mode") started  	[MsgId: MMSG-26355]
..\\lib.h(4): web_add_auto_header("Sec-Fetch-Mode") was successful  	[MsgId: MMSG-26392]
..\\lib.h(5): web_add_auto_header("Sec-Fetch-Dest") started  	[MsgId: MMSG-26355]
..\\lib.h(5): web_add_auto_header("Sec-Fetch-Dest") was successful  	[MsgId: MMSG-26392]
..\\lib.h(6): web_add_header("Origin") started  	[MsgId: MMSG-26355]
..\\lib.h(6): web_add_header("Origin") was successful  	[MsgId: MMSG-26392]
..\\lib.h(7): web_add_auto_header("Sec-Fetch-Site") started  	[MsgId: MMSG-26355]
..\\lib.h(7): web_add_auto_header("Sec-Fetch-Site") was successful  	[MsgId: MMSG-26392]
..\\lib.h(8): web_add_auto_header("Sec-Fetch-User") started  	[MsgId: MMSG-26355]
..\\lib.h(8): web_add_auto_header("Sec-Fetch-User") was successful  	[MsgId: MMSG-26392]
..\\lib.h(9): web_add_auto_header("Upgrade-Insecure-Requests") started  	[MsgId: MMSG-26355]
..\\lib.h(9): web_add_auto_header("Upgrade-Insecure-Requests") was successful  	[MsgId: MMSG-26392]
..\\lib.h(10): web_add_auto_header("sec-ch-ua-mobile") started  	[MsgId: MMSG-26355]
..\\lib.h(10): web_add_auto_header("sec-ch-ua-mobile") was successful  	[MsgId: MMSG-26392]
..\\lib.h(12): web_reg_find started  	[MsgId: MMSG-26355]
..\\lib.h(12): Registering web_reg_find was successful  	[MsgId: MMSG-26390]
..\\lib.h(13): web_reg_find started  	[MsgId: MMSG-26355]
..\\lib.h(13): Registering web_reg_find was successful  	[MsgId: MMSG-26390]
..\\lib.h(15): web_submit_data("login.pl") started  	[MsgId: MMSG-26355]
..\\lib.h(15): Detected non-resource "http://localhost:1080/cgi-bin/nav.pl?page=menu&in=home" in "http://localhost:1080/cgi-bin/login.pl"  	[MsgId: MMSG-26574]
..\\lib.h(15): Detected non-resource "http://localhost:1080/cgi-bin/login.pl?intro=true" in "http://localhost:1080/cgi-bin/login.pl"  	[MsgId: MMSG-26574]
..\\lib.h(15): Found resource "http://localhost:1080/WebTours/images/flights.gif" in HTML "http://localhost:1080/cgi-bin/nav.pl?page=menu&in=home"  	[MsgId: MMSG-26659]
..\\lib.h(15): Found resource "http://localhost:1080/WebTours/images/itinerary.gif" in HTML "http://localhost:1080/cgi-bin/nav.pl?page=menu&in=home"  	[MsgId: MMSG-26659]
..\\lib.h(15): Found resource "http://localhost:1080/WebTours/images/in_home.gif" in HTML "http://localhost:1080/cgi-bin/nav.pl?page=menu&in=home"  	[MsgId: MMSG-26659]
..\\lib.h(15): Found resource "http://localhost:1080/WebTours/images/signoff.gif" in HTML "http://localhost:1080/cgi-bin/nav.pl?page=menu&in=home"  	[MsgId: MMSG-26659]
..\\lib.h(15): Registered web_reg_find successful for "Text=User password was correct" (count=1)  	[MsgId: MMSG-26364]
..\\lib.h(15): Registered web_reg_find successful for "Text=Welcome, <b>shrek</b>" (count=1)  	[MsgId: MMSG-26364]
..\\lib.h(15): web_submit_data("login.pl") was successful, 5780 body bytes, 2055 header bytes, 36 chunking overhead bytes  	[MsgId: MMSG-26385]
..\\lib.h(32): Notify: Transaction "login" ended with a "Pass" status (Duration: 0,1579 Wasted Time: 0,0000).	[MsgId: MMSG-16871]
Action.c(15): lr_think_time: 10,00 seconds.	[MsgId: MMSG-15948]
..\\lib.h(2): Notify: Transaction "login" started.	[MsgId: MMSG-16999]
..\\lib.h(4): web_add_auto_header("Sec-Fetch-Mode") started  	[MsgId: MMSG-26355]
..\\lib.h(4): web_add_auto_header("Sec-Fetch-Mode") was successful  	[MsgId: MMSG-26392]
..\\lib.h(5): web_add_auto_header("Sec-Fetch-Dest") started  	[MsgId: MMSG-26355]
..\\lib.h(5): web_add_auto_header("Sec-Fetch-Dest") was successful  	[MsgId: MMSG-26392]
..\\lib.h(6): web_add_header("Origin") started  	[MsgId: MMSG-26355]
..\\lib.h(6): web_add_header("Origin") was successful  	[MsgId: MMSG-26392]
..\\lib.h(7): web_add_auto_header("Sec-Fetch-Site") started  	[MsgId: MMSG-26355]
..\\lib.h(7): web_add_auto_header("Sec-Fetch-Site") was successful  	[MsgId: MMSG-26392]
..\\lib.h(8): web_add_auto_header("Sec-Fetch-User") started  	[MsgId: MMSG-26355]
..\\lib.h(8): web_add_auto_header("Sec-Fetch-User") was successful  	[MsgId: MMSG-26392]
..\\lib.h(9): web_add_auto_header("Upgrade-Insecure-Requests") started  	[MsgId: MMSG-26355]
..\\lib.h(9): web_add_auto_header("Upgrade-Insecure-Requests") was successful  	[MsgId: MMSG-26392]
..\\lib.h(10): web_add_auto_header("sec-ch-ua-mobile") started  	[MsgId: MMSG-26355]
..\\lib.h(10): web_add_auto_header("sec-ch-ua-mobile") was successful  	[MsgId: MMSG-26392]
..\\lib.h(12): web_reg_find started  	[MsgId: MMSG-26355]
..\\lib.h(12): Registering web_reg_find was successful  	[MsgId: MMSG-26390]
..\\lib.h(13): web_reg_find started  	[MsgId: MMSG-26355]
..\\lib.h(13): Registering web_reg_find was successful  	[MsgId: MMSG-26390]
..\\lib.h(15): web_submit_data("login.pl") started  	[MsgId: MMSG-26355]
..\\lib.h(15): Detected non-resource "http://localhost:1080/cgi-bin/nav.pl?page=menu&in=home" in "http://localhost:1080/cgi-bin/login.pl"  	[MsgId: MMSG-26574]
..\\lib.h(15): Detected non-resource "http://localhost:1080/cgi-bin/login.pl?intro=true" in "http://localhost:1080/cgi-bin/login.pl"  	[MsgId: MMSG-26574]
..\\lib.h(15): Found resource "http://localhost:1080/WebTours/images/flights.gif" in HTML "http://localhost:1080/cgi-bin/nav.pl?page=menu&in=home"  	[MsgId: MMSG-26659]
..\\lib.h(15): Found resource "http://localhost:1080/WebTours/images/itinerary.gif" in HTML "http://localhost:1080/cgi-bin/nav.pl?page=menu&in=home"  	[MsgId: MMSG-26659]
..\\lib.h(15): Found resource "http://localhost:1080/WebTours/images/in_home.gif" in HTML "http://localhost:1080/cgi-bin/nav.pl?page=menu&in=home"  	[MsgId: MMSG-26659]
..\\lib.h(15): Found resource "http://localhost:1080/WebTours/images/signoff.gif" in HTML "http://localhost:1080/cgi-bin/nav.pl?page=menu&in=home"  	[MsgId: MMSG-26659]
..\\lib.h(15): Registered web_reg_find successful for "Text=User password was correct" (count=1)  	[MsgId: MMSG-26364]
..\\lib.h(15): Registered web_reg_find successful for "Text=Welcome, <b>elmask</b>" (count=1)  	[MsgId: MMSG-26364]
..\\lib.h(15): web_submit_data("login.pl") was successful, 5781 body bytes, 2074 header bytes, 36 chunking overhead bytes  	[MsgId: MMSG-26385]
..\\lib.h(32): Notify: Transaction "login" ended with a "Pass" status (Duration: 0,1110 Wasted Time: 0,0001).	[MsgId: MMSG-16871]
Action.c(15): lr_think_time: 10,00 seconds.	[MsgId: MMSG-15948]
..\\lib.h(82): Notify: Transaction "click_flights" started.	[MsgId: MMSG-16999]
..\\lib.h(84): web_remove_auto_header("Sec-Fetch-User") started  	[MsgId: MMSG-26355]
..\\lib.h(84): Previous automatically added web header for "Sec-Fetch-User" removed  	[MsgId: MMSG-26587]
..\\lib.h(84): web_remove/revert_auto_header("Sec-Fetch-User") was successful  	[MsgId: MMSG-26392]
..\\lib.h(85): web_remove_auto_header("Upgrade-Insecure-Requests") started  	[MsgId: MMSG-26355]
..\\lib.h(85): Previous automatically added web header for "Upgrade-Insecure-Requests" removed  	[MsgId: MMSG-26587]
..\\lib.h(85): web_remove/revert_auto_header("Upgrade-Insecure-Requests") was successful  	[MsgId: MMSG-26392]
..\\lib.h(87): web_reg_find started  	[MsgId: MMSG-26355]
..\\lib.h(87): Registering web_reg_find was successful  	[MsgId: MMSG-26390]
..\\lib.h(89): web_url("Search Flights Button") started  	[MsgId: MMSG-26355]
..\\lib.h(89): Detected non-resource "http://localhost:1080/cgi-bin/nav.pl?page=menu&in=flights" in "http://localhost:1080/cgi-bin/welcome.pl?page=search"  	[MsgId: MMSG-26574]
..\\lib.h(89): Detected non-resource "http://localhost:1080/cgi-bin/reservations.pl?page=welcome" in "http://localhost:1080/cgi-bin/welcome.pl?page=search"  	[MsgId: MMSG-26574]
..\\lib.h(89): Found resource "http://localhost:1080/WebTours/images/in_flights.gif" in HTML "http://localhost:1080/cgi-bin/nav.pl?page=menu&in=flights"  	[MsgId: MMSG-26659]
..\\lib.h(89): Resource "http://localhost:1080/WebTours/images/itinerary.gif" is in the cache already and will not be downloaded again  	[MsgId: MMSG-26655]
..\\lib.h(89): Found resource "http://localhost:1080/WebTours/images/home.gif" in HTML "http://localhost:1080/cgi-bin/nav.pl?page=menu&in=flights"  	[MsgId: MMSG-26659]
..\\lib.h(89): Resource "http://localhost:1080/WebTours/images/signoff.gif" is in the cache already and will not be downloaded again  	[MsgId: MMSG-26655]
..\\lib.h(89): Found resource "http://localhost:1080/WebTours/images/button_next.gif" in HTML "http://localhost:1080/cgi-bin/reservations.pl?page=welcome"  	[MsgId: MMSG-26659]
..\\lib.h(89): Registered web_reg_find successful for "Text=<b>Find Flight</font></b>" (count=1)  	[MsgId: MMSG-26364]
..\\lib.h(89): web_url("Search Flights Button") was successful, 8516 body bytes, 1623 header bytes, 43 chunking overhead bytes  	[MsgId: MMSG-26385]
..\\lib.h(99): Notify: Transaction "click_flights" ended with a "Pass" status (Duration: 0,1511 Wasted Time: 0,0001).	[MsgId: MMSG-16871]
..\\lib.h(192): Notify: Transaction "log_out" started.	[MsgId: MMSG-16999]
..\\lib.h(194): web_add_header("Sec-Fetch-User") started  	[MsgId: MMSG-26355]
..\\lib.h(194): web_add_header("Sec-Fetch-User") was successful  	[MsgId: MMSG-26392]
..\\lib.h(195): web_add_header("Upgrade-Insecure-Requests") started  	[MsgId: MMSG-26355]
..\\lib.h(195): web_add_header("Upgrade-Insecure-Requests") was successful  	[MsgId: MMSG-26392]
..\\lib.h(197): web_reg_find started  	[MsgId: MMSG-26355]
..\\lib.h(197): Registering web_reg_find was successful  	[MsgId: MMSG-26390]
..\\lib.h(199): web_url("SignOff Button") started  	[MsgId: MMSG-26355]
..\\lib.h(199): Detected non-resource "http://localhost:1080/cgi-bin/nav.pl?in=home" in "http://localhost:1080/cgi-bin/welcome.pl?signOff=1"  	[MsgId: MMSG-26574]
..\\lib.h(199): Detected non-resource "http://localhost:1080/WebTours/home.html" in "http://localhost:1080/cgi-bin/welcome.pl?signOff=1"  	[MsgId: MMSG-26574]
..\\lib.h(199): Retrieving data from cache for "http://localhost:1080/WebTours/home.html"  	[MsgId: MMSG-26558]
..\\lib.h(199): Resource "http://localhost:1080/WebTours/images/mer_login.gif" is in the cache already and will not be downloaded again  	[MsgId: MMSG-26655]
..\\lib.h(199): Registered web_reg_find successful for "Text=Welcome to the Web Tours site." (count=1)  	[MsgId: MMSG-26364]
..\\lib.h(199): web_url("SignOff Button") was successful, 2172 body bytes, 582 header bytes, 24 chunking overhead bytes  	[MsgId: MMSG-26385]
..\\lib.h(209): Notify: Transaction "log_out" ended with a "Pass" status (Duration: 0,1185 Wasted Time: 0,0000).	[MsgId: MMSG-16871]
Action.c(21): Notify: Transaction "UC04_Login" ended with a "Pass" status (Duration: 15,6253 Think Time: 15,0157 Wasted Time: 0,0270).	[MsgId: MMSG-16870]
Ending action Action.	[MsgId: MMSG-15918]
Ending iteration 1.	[MsgId: MMSG-15965]
Waiting 184,3730 seconds for iteration pacing.	[MsgId: MMSG-15996]
..\\lib.h(82): Notify: Transaction "click_flights" started.	[MsgId: MMSG-16999]
..\\lib.h(84): web_remove_auto_header("Sec-Fetch-User") started  	[MsgId: MMSG-26355]
..\\lib.h(84): Previous automatically added web header for "Sec-Fetch-User" removed  	[MsgId: MMSG-26587]
..\\lib.h(84): web_remove/revert_auto_header("Sec-Fetch-User") was successful  	[MsgId: MMSG-26392]
..\\lib.h(85): web_remove_auto_header("Upgrade-Insecure-Requests") started  	[MsgId: MMSG-26355]
..\\lib.h(85): Previous automatically added web header for "Upgrade-Insecure-Requests" removed  	[MsgId: MMSG-26587]
..\\lib.h(85): web_remove/revert_auto_header("Upgrade-Insecure-Requests") was successful  	[MsgId: MMSG-26392]
..\\lib.h(87): web_reg_find started  	[MsgId: MMSG-26355]
..\\lib.h(87): Registering web_reg_find was successful  	[MsgId: MMSG-26390]
..\\lib.h(89): web_url("Search Flights Button") started  	[MsgId: MMSG-26355]
..\\lib.h(89): Detected non-resource "http://localhost:1080/cgi-bin/nav.pl?page=menu&in=flights" in "http://localhost:1080/cgi-bin/welcome.pl?page=search"  	[MsgId: MMSG-26574]
..\\lib.h(89): Detected non-resource "http://localhost:1080/cgi-bin/reservations.pl?page=welcome" in "http://localhost:1080/cgi-bin/welcome.pl?page=search"  	[MsgId: MMSG-26574]
..\\lib.h(89): Found resource "http://localhost:1080/WebTours/images/in_flights.gif" in HTML "http://localhost:1080/cgi-bin/nav.pl?page=menu&in=flights"  	[MsgId: MMSG-26659]
..\\lib.h(89): Resource "http://localhost:1080/WebTours/images/itinerary.gif" is in the cache already and will not be downloaded again  	[MsgId: MMSG-26655]
..\\lib.h(89): Found resource "http://localhost:1080/WebTours/images/home.gif" in HTML "http://localhost:1080/cgi-bin/nav.pl?page=menu&in=flights"  	[MsgId: MMSG-26659]
..\\lib.h(89): Resource "http://localhost:1080/WebTours/images/signoff.gif" is in the cache already and will not be downloaded again  	[MsgId: MMSG-26655]
..\\lib.h(89): Found resource "http://localhost:1080/WebTours/images/button_next.gif" in HTML "http://localhost:1080/cgi-bin/reservations.pl?page=welcome"  	[MsgId: MMSG-26659]
..\\lib.h(89): Registered web_reg_find successful for "Text=<b>Find Flight</font></b>" (count=1)  	[MsgId: MMSG-26364]
..\\lib.h(89): web_url("Search Flights Button") was successful, 8516 body bytes, 1623 header bytes, 43 chunking overhead bytes  	[MsgId: MMSG-26385]
..\\lib.h(99): Notify: Transaction "click_flights" ended with a "Pass" status (Duration: 0,1233 Wasted Time: 0,0001).	[MsgId: MMSG-16871]
..\\lib.h(192): Notify: Transaction "log_out" started.	[MsgId: MMSG-16999]
..\\lib.h(194): web_add_header("Sec-Fetch-User") started  	[MsgId: MMSG-26355]
..\\lib.h(194): web_add_header("Sec-Fetch-User") was successful  	[MsgId: MMSG-26392]
..\\lib.h(195): web_add_header("Upgrade-Insecure-Requests") started  	[MsgId: MMSG-26355]
..\\lib.h(195): web_add_header("Upgrade-Insecure-Requests") was successful  	[MsgId: MMSG-26392]
..\\lib.h(197): web_reg_find started  	[MsgId: MMSG-26355]
..\\lib.h(197): Registering web_reg_find was successful  	[MsgId: MMSG-26390]
..\\lib.h(199): web_url("SignOff Button") started  	[MsgId: MMSG-26355]
..\\lib.h(199): Detected non-resource "http://localhost:1080/cgi-bin/nav.pl?in=home" in "http://localhost:1080/cgi-bin/welcome.pl?signOff=1"  	[MsgId: MMSG-26574]
..\\lib.h(199): Detected non-resource "http://localhost:1080/WebTours/home.html" in "http://localhost:1080/cgi-bin/welcome.pl?signOff=1"  	[MsgId: MMSG-26574]
..\\lib.h(199): Retrieving data from cache for "http://localhost:1080/WebTours/home.html"  	[MsgId: MMSG-26558]
..\\lib.h(199): Resource "http://localhost:1080/WebTours/images/mer_login.gif" is in the cache already and will not be downloaded again  	[MsgId: MMSG-26655]
..\\lib.h(199): Registered web_reg_find successful for "Text=Welcome to the Web Tours site." (count=1)  	[MsgId: MMSG-26364]
..\\lib.h(199): web_url("SignOff Button") was successful, 2168 body bytes, 582 header bytes, 24 chunking overhead bytes  	[MsgId: MMSG-26385]
..\\lib.h(209): Notify: Transaction "log_out" ended with a "Pass" status (Duration: 0,1198 Wasted Time: 0,0000).	[MsgId: MMSG-16871]
Action.c(21): Notify: Transaction "UC04_Login" ended with a "Pass" status (Duration: 15,4786 Think Time: 15,0190 Wasted Time: 0,0009).	[MsgId: MMSG-16870]
Ending action Action.	[MsgId: MMSG-15918]
Ending iteration 1.	[MsgId: MMSG-15965]
Waiting 184,5210 seconds for iteration pacing.	[MsgId: MMSG-15996]
Ending Vuser...	[MsgId: MMSG-15966]
Ending Vuser...	[MsgId: MMSG-15966]
Starting action vuser_end.	[MsgId: MMSG-15919]
Starting action vuser_end.	[MsgId: MMSG-15919]
Ending action vuser_end.	[MsgId: MMSG-15918]
Ending action vuser_end.	[MsgId: MMSG-15918]
Vuser Terminated.	[MsgId: MMSG-15963]
Vuser Terminated.	[MsgId: MMSG-15963]
