Action.c(56):       </TD>\n
Action.c(56):       <TD width="45%" valign="top">\n
Action.c(56):           <b>&nbsp;&nbsp;2 Coach class tickets for :</b><br/>\n
Action.c(56):           <center><table border="0" width="85%"><tr><td>\n
Action.c(56):           <li><i>Geralt ofRivia      <li><i>Harry Potter\n
Action.c(56):           <li><i></i>\n
Action.c(56):           </td></tr></table></center>\n
Action.c(56):       </TD>\n
Action.c(56):       <TD width="5%" >.<br/>.<br/>.<br/>.</TD>\n
Action.c(56):       <TD width="45%" valign=top><b>Invoice sent to:</b><br/>\n
Action.c(56):           <center>\n
Action.c(56):           <Table width="80%" cellspacing="0" > <tr> <td>\n
Action.c(56):               Geralt ofRivia\n
Action.c(56):     <br/>\n
Action.c(56):               Nizhniy Novgorod<br/>\n
Action.c(56):               Zvezda smerti<br/>\n
Action.c(56):               <br/>\n
Action.c(56):               Total Charge: $ 404 <BR/> (CC: x-1111)\n
Action.c(56):           </td> </tr> </table>\n
Action.c(56):           </center>\n
Action.c(56):       </TD>\n
Action.c(56):     </TR>\n
Action.c(56):     <TR bgcolor="#EFF2F7">\n
Action.c(56):       <TD COLSPAN="3">\n
Action.c(56):       <b>Flight Details:</b><BR/>  <center>\n
Action.c(56):       11/30/2023\n
Action.c(56):      :  8am : Flight 60 leaves Denver  for San Francisco.<br>  </center>\n
Action.c(56):       </TD>\n
Action.c(56):     </TR>\n
Action.c(56):     \n
Action.c(56):     <TR bgcolor="#EFF2F7">\n
Action.c(56):       <TD COLSPAN="4">\n
Action.c(56):       <hr/>\n
Action.c(56):       </TD>\n
Action.c(56):     </TR>\n
Action.c(56):     \n
Action.c(56):     <!-- Flight #1 -->\n
Action.c(56):     <TR bgcolor="#EFF2F7">\n
Action.c(56):       <TD width="5%" rowspan="2" align="left" valign="top">\n
Action.c(56):     <b>\n
Action.c(56):     <label><input type="checkbox" name="59" value="on" /></label></font></b>\n
Action.c(56):     <input type="hidden" name="flightID" value="411785238-453957-Go"  />\n
Action.c(56):       </TD>\n
Action.c(56):       <TD width="45%" valign="top">\n
Action.c(56):           <b>&nbsp;&nbsp;A Coach class ticket for :</b><br/>\n
Action.c(56):           <center><table border="0" width="85%"><tr><td>\n
Action.c(56):           <li><i>Geralt ofRivia\n
Action.c(56):           <li><i></i>\n
Action.c(56):           </td></tr></table></center>\n
Action.c(56):       </TD>\n
Action.c(56):       <TD width="5%" >.<br/>.<br/>.<br/>.</TD>\n
Action.c(56):       <TD width="45%" valign=top><b>Invoice sent to:</b><br/>\n
Action.c(56):           <center>\n
Action.c(56):           <Table width="80%" cellspacing="0" > <tr> <td>\n
Action.c(56):               Geralt ofRivia\n
Action.c(56):     <br/>\n
Action.c(56):               Nizhniy Novgorod<br/>\n
Action.c(56):               Novigradskaya Street 2<br/>\n
Action.c(56):               <br/>\n
Action.c(56):               Total Charge: $ 1441 <BR/> (CC: x-1111)\n
Action.c(56):           </td> </tr> </table>\n
Action.c(56):           </center>\n
Action.c(56):       </TD>\n
Action.c(56):     </TR>\n
Action.c(56):     <TR bgcolor="#EFF2F7">\n
Action.c(56):       <TD COLSPAN="3">\n
Action.c(56):       <b>Flight Details:</b><BR/>  <center>\n
Action.c(56):       11/30/2023\n
Action.c(56):      :  8am : Flight 820 leaves Sydney  for London.<br>  </center>\n
Action.c(56):       </TD>\n
Action.c(56):     </TR>\n
Action.c(56):     \n
Action.c(56):     <TR bgcolor="#EFF2F7">\n
Action.c(56):       <TD COLSPAN="4">\n
Action.c(56):       <hr/>\n
Action.c(56):       </TD>\n
Action.c(56):     </TR>\n
Action.c(56):     \n
Action.c(56):     <!-- Flight #1 -->\n
Action.c(56):     <TR bgcolor="#EFF2F7">\n
Action.c(56):       <TD width="5%" rowspan="2" align="left" valign="top">\n
Action.c(56):     <b>\n
Action.c(56):     <label><input type="checkbox" name="60" value="on" /></label></font></b>\n
Action.c(56):     <input type="hidden" name="flightID" value="41159641-46229-Go"  />\n
Action.c(56):       </TD>\n
Action.c(56):       <TD width="45%" valign="top">\n
Action.c(56):           <b>&nbsp;&nbsp;3 Business class tickets for :</b><br/>\n
Action.c(56):           <center><table border="0" width="85%"><tr><td>\n
Action.c(56):           <li><i>Geralt ofRivia      <li><i>Naruto Uzumaki      <li><i>Geralt ofRivia\n
Action.c(56):           <li><i></i>\n
Action.c(56):           </td></tr></table></center>\n
Action.c(56):       </TD>\n
Action.c(56):       <TD width="5%" >.<br/>.<br/>.<br/>.</TD>\n
Action.c(56):       <TD width="45%" valign=top><b>Invoice sent to:</b><br/>\n
Action.c(56):           <center>\n
Action.c(56):           <Table width="80%" cellspacing="0" > <tr> <td>\n
Action.c(56):               Geralt ofRivia\n
Action.c(56):     <br/>\n
Action.c(56):               San Francisco<br/>\n
Action.c(56):               Silicon street 1<br/>\n
Action.c(56):               <br/>\n
Action.c(56):               Total Charge: $ 984 <BR/> (CC: x-1111)\n
Action.c(56):           </td> </tr> </table>\n
Action.c(56):           </center>\n
Action.c(56):       </TD>\n
Action.c(56):     </TR>\n
Action.c(56):     <TR bgcolor="#EFF2F7">\n
Action.c(56):       <TD COLSPAN="3">\n
Action.c(56):       <b>Flight Details:</b><BR/>  <center>\n
Action.c(56):       11/30/2023\n
Action.c(56):      :  8am : Flight 310 leaves Los Angeles  for Frankfurt.<br>  </center>\n
Action.c(56):       </TD>\n
Action.c(56):     </TR>\n
Action.c(56):     \n
Action.c(56):     <TR bgcolor="#EFF2F7">\n
Action.c(56):       <TD COLSPAN="4">\n
Action.c(56):       <hr/>\n
Action.c(56):       </TD>\n
Action.c(56):     </TR>\n
Action.c(56):     \n
Action.c(56):     <!-- Flight #1 -->\n
Action.c(56):     <TR bgcolor="#EFF2F7">\n
Action.c(56):       <TD width="5%" rowspan="2" align="left" valign="top">\n
Action.c(56):     <b>\n
Action.c(56):     <label><input type="checkbox" name="61" value="on" /></label></font></b>\n
Action.c(56):     <input type="hidden" name="flightID" value="41148545-469342-Go"  />\n
Action.c(56):       </TD>\n
Action.c(56):       <TD width="45%" valign="top">\n
Action.c(56):           <b>&nbsp;&nbsp;2 First class tickets for :</b><br/>\n
Action.c(56):           <center><table border="0" width="85%"><tr><td>\n
Action.c(56):           <li><i>Geralt ofRivia      <li><i>Geralt ofRivia\n
Action.c(56):           <li><i></i>\n
Action.c(56):           </td></tr></table></center>\n
Action.c(56):       </TD>\n
Action.c(56):       <TD width="5%" >.<br/>.<br/>.<br/>.</TD>\n
Action.c(56):       <TD width="45%" valign=top><b>Invoice sent to:</b><br/>\n
Action.c(56):           <center>\n
Action.c(56):           <Table width="80%" cellspacing="0" > <tr> <td>\n
Action.c(56):               Geralt ofRivia\n
Action.c(56):     <br/>\n
Action.c(56):               Default City 1<br/>\n
Action.c(56):               Novigradskaya Street 2<br/>\n
Action.c(56):               <br/>\n
Action.c(56):               Total Charge: $ 1446 <BR/> (CC: x-1111)\n
Action.c(56):           </td> </tr> </table>\n
Action.c(56):           </center>\n
Action.c(56):       </TD>\n
Action.c(56):     </TR>\n
Action.c(56):     <TR bgcolor="#EFF2F7">\n
Action.c(56):       <TD COLSPAN="3">\n
Action.c(56):       <b>Flight Details:</b><BR/>  <center>\n
Action.c(56):       11/30/2023\n
Action.c(56):      :  8am : Flight 010 leaves Denver  for Frankfurt.<br>  </center>\n
Action.c(56):       </TD>\n
Action.c(56):     </TR>\n
Action.c(56):     \n
Action.c(56):     <TR bgcolor="#EFF2F7">\n
Action.c(56):       <TD COLSPAN="4">\n
Action.c(56):       <hr/>\n
Action.c(56):       </TD>\n
Action.c(56):     </TR>\n
Action.c(56):     \n
Action.c(56):     <!-- Flight #1 -->\n
Action.c(56):     <TR bgcolor="#EFF2F7">\n
Action.c(56):       <TD width="5%" rowspan="2" align="left" valign="top">\n
Action.c(56):     <b>\n
Action.c(56):     <label><input type="checkbox" name="62" value="on" /></label></font></b>\n
Action.c(56):     <input type="hidden" name="flightID" value="411792645-477032-Go"  />\n
Action.c(56):       </TD>\n
Action.c(56):       <TD width="45%" valign="top">\n
Action.c(56):           <b>&nbsp;&nbsp;A Coach class ticket for :</b><br/>\n
Action.c(56):           <center><table border="0" width="85%"><tr><td>\n
Action.c(56):           <li><i>Geralt ofRivia\n
Action.c(56):           <li><i></i>\n
Action.c(56):           </td></tr></table></center>\n
Action.c(56):       </TD>\n
Action.c(56):       <TD width="5%" >.<br/>.<br/>.<br/>.</TD>\n
Action.c(56):       <TD width="45%" valign=top><b>Invoice sent to:</b><br/>\n
Action.c(56):           <center>\n
Action.c(56):           <Table width="80%" cellspacing="0" > <tr> <td>\n
Action.c(56):               Geralt ofRivia\n
Action.c(56):     <br/>\n
Action.c(56):               Nizhniy Novgorod<br/>\n
Action.c(56):               Centralniy 123<br/>\n
Action.c(56):               <br/>\n
Action.c(56):               Total Charge: $ 1428 <BR/> (CC: x-1111)\n
Action.c(56):           </td> </tr> </table>\n
Action.c(56):           </center>\n
Action.c(56):       </TD>\n
Action.c(56):     </TR>\n
Action.c(56):     <TR bgcolor="#EFF2F7">\n
Action.c(56):       <TD COLSPAN="3">\n
Action.c(56):       <b>Flight Details:</b><BR/>  <center>\n
Action.c(56):       11/30/2023\n
Action.c(56):      :  8am : Flight 840 leaves Sydney  for Paris.<br>  </center>\n
Action.c(56):       </TD>\n
Action.c(56):     </TR>\n
Action.c(56):     \n
Action.c(56):     <TR bgcolor="#EFF2F7">\n
Action.c(56):       <TD COLSPAN="4">\n
Action.c(56):       <hr/>\n
Action.c(56):       </TD>\n
Action.c(56):     </TR>\n
Action.c(56):     \n
Action.c(56):     <!-- Flight #1 -->\n
Action.c(56):     <TR bgcolor="#EFF2F7">\n
Action.c(56):       <TD width="5%" rowspan="2" align="left" valign="top">\n
Action.c(56):     <b>\n
Action.c(56):     <label><input type="checkbox" name="63" value="on" /></label></font></b>\n
Action.c(56):     <input type="hidden" name="flightID" value="4115568-48487-Go"  />\n
Action.c(56):       </TD>\n
Action.c(56):       <TD width="45%" valign="top">\n
Action.c(56):           <b>&nbsp;&nbsp;A Coach class ticket for :</b><br/>\n
Action.c(56):           <center><table border="0" width="85%"><tr><td>\n
Action.c(56):           <li><i>Geralt ofRivia\n
Action.c(56):           <li><i></i>\n
Action.c(56):           </td></tr></table></center>\n
Action.c(56):       </TD>\n
Action.c(56):       <TD width="5%" >.<br/>.<br/>.<br/>.</TD>\n
Action.c(56):       <TD width="45%" valign=top><b>Invoice sent to:</b><br/>\n
Action.c(56):           <center>\n
Action.c(56):           <Table width="80%" cellspacing="0" > <tr> <td>\n
Action.c(56):               Geralt ofRivia\n
Action.c(56):     <br/>\n
Action.c(56):               Konoha<br/>\n
Action.c(56):               Martinez 29<br/>\n
Action.c(56):               <br/>\n
Action.c(56):               Total Charge: $ 338 <BR/> (CC: x-1111)\n
Action.c(56):           </td> </tr> </table>\n
Action.c(56):           </center>\n
Action.c(56):       </TD>\n
Action.c(56):     </TR>\n
Action.c(56):     <TR bgcolor="#EFF2F7">\n
Action.c(56):       <TD COLSPAN="3">\n
Action.c(56):       <b>Flight Details:</b><BR/>  <center>\n
Action.c(56):       11/30/2023\n
Action.c(56):      :  8am : Flight 20 leaves Denver  for London.<br>  </center>\n
Action.c(56):       </TD>\n
Action.c(56):     </TR>\n
Action.c(56):     \n
Action.c(56):     <TR bgcolor="#EFF2F7">\n
Action.c(56):       <TD COLSPAN="4">\n
Action.c(56):       <hr/>\n
Action.c(56):       </TD>\n
Action.c(56):     </TR>\n
Action.c(56):     \n
Action.c(56):     <!-- Flight #1 -->\n
Action.c(56):     <TR bgcolor="#EFF2F7">\n
Action.c(56):       <TD width="5%" rowspan="2" align="left" valign="top">\n
Action.c(56):     <b>\n
Action.c(56):     <label><input type="checkbox" name="64" value="on" /></label></font></b>\n
Action.c(56):     <input type="hidden" name="flightID" value="41163338-49250-Go"  />\n
Action.c(56):       </TD>\n
Action.c(56):       <TD width="45%" valign="top">\n
Action.c(56):           <b>&nbsp;&nbsp;2 Coach class tickets for :</b><br/>\n
Action.c(56):           <center><table border="0" width="85%"><tr><td>\n
Action.c(56):           <li><i>Geralt ofRivia      <li><i>Naruto Uzumaki\n
Action.c(56):           <li><i></i>\n
Action.c(56):           </td></tr></table></center>\n
Action.c(56):       </TD>\n
Action.c(56):       <TD width="5%" >.<br/>.<br/>.<br/>.</TD>\n
Action.c(56):       <TD width="45%" valign=top><b>Invoice sent to:</b><br/>\n
Action.c(56):           <center>\n
Action.c(56):           <Table width="80%" cellspacing="0" > <tr> <td>\n
Action.c(56):               Geralt ofRivia\n
Action.c(56):     <br/>\n
Action.c(56):               Hogwarts<br/>\n
Action.c(56):               Novigradskaya Street 2<br/>\n
Action.c(56):               <br/>\n
Action.c(56):               Total Charge: $ 256 <BR/> (CC: x-1111)\n
Action.c(56):           </td> </tr> </table>\n
Action.c(56):           </center>\n
Action.c(56):       </TD>\n
Action.c(56):     </TR>\n
Action.c(56):     <TR bgcolor="#EFF2F7">\n
Action.c(56):       <TD COLSPAN="3">\n
Action.c(56):       <b>Flight Details:</b><BR/>  <center>\n
Action.c(56):       11/30/2023\n
Action.c(56):      :  8am : Flight 410 leaves Paris  for Frankfurt.<br>  </center>\n
Action.c(56):       </TD>\n
Action.c(56):     </TR>\n
Action.c(56):     \n
Action.c(56):     <TR bgcolor="#EFF2F7">\n
Action.c(56):       <TD COLSPAN="4">\n
Action.c(56):       <hr/>\n
Action.c(56):       </TD>\n
Action.c(56):     </TR>\n
Action.c(56):     \n
Action.c(56):     <!-- Flight #1 -->\n
Action.c(56):     <TR bgcolor="#EFF2F7">\n
Action.c(56):       <TD width="5%" rowspan="2" align="left" valign="top">\n
Action.c(56):     <b>\n
Action.c(56):     <label><input type="checkbox" name="65" value="on" /></label></font></b>\n
Action.c(56):     <input type="hidden" name="flightID" value="411848-500-Go"  />\n
Action.c(56):       </TD>\n
Action.c(56):       <TD width="45%" valign="top">\n
Action.c(56):           <b>&nbsp;&nbsp;A Business class ticket for :</b><br/>\n
Action.c(56):           <center><table border="0" width="85%"><tr><td>\n
Action.c(56):           <li><i>Geralt ofRivia\n
Action.c(56):           <li><i></i>\n
Action.c(56):           </td></tr></table></center>\n
Action.c(56):       </TD>\n
Action.c(56):       <TD width="5%" >.<br/>.<br/>.<br/>.</TD>\n
Action.c(56):       <TD width="45%" valign=top><b>Invoice sent to:</b><br/>\n
Action.c(56):           <center>\n
Action.c(56):           <Table width="80%" cellspacing="0" > <tr> <td>\n
Action.c(56):               Geralt ofRivia\n
Action.c(56):     <br/>\n
Action.c(56):               Nabu<br/>\n
Action.c(56):               Novigradskaya Street 2<br/>\n
Action.c(56):               <br/>\n
Action.c(56):               Total Charge: $ 0 <BR/> (CC: x-1111)\n
Action.c(56):           </td> </tr> </table>\n
Action.c(56):           </center>\n
Action.c(56):       </TD>\n
Action.c(56):     </TR>\n
Action.c(56):     <TR bgcolor="#
Action.c(56): t=1188810ms: 8-byte chunked response overhead for "http://localhost:1080/cgi-bin/itinerary.pl" (RelFrameId=1, Internal ID=621)
Action.c(56):     \r\n
Action.c(56):     1000\r\n
Action.c(56): t=1188810ms: 8-byte chunked response overhead for "http://localhost:1080/cgi-bin/itinerary.pl" (RelFrameId=1, Internal ID=621)
Action.c(56):     \r\n
Action.c(56):     1000\r\n
Action.c(56): t=1188810ms: 7-byte chunked response overhead for "http://localhost:1080/cgi-bin/itinerary.pl" (RelFrameId=1, Internal ID=621)
Action.c(56):     \r\n
Action.c(56):     1f4\r\n
Action.c(56): t=1188811ms: 7-byte chunked response overhead for "http://localhost:1080/cgi-bin/itinerary.pl" (RelFrameId=1, Internal ID=621)
Action.c(56):     \r\n
Action.c(56):     0\r\n
Action.c(56):     \r\n
Action.c(56): t=1188811ms: 8815-byte chunked response body for "http://localhost:1080/cgi-bin/itinerary.pl" (RelFrameId=1, Internal ID=621)
Action.c(56):     EFF2F7">\n
Action.c(56):       <TD COLSPAN="3">\n
Action.c(56):       <b>Flight Details:</b><BR/>  <center>\n
Action.c(56):       11/30/2023\n
Action.c(56):      :  8am : Flight 990 leaves Zurich  for Zurich.<br>  </center>\n
Action.c(56):       </TD>\n
Action.c(56):     </TR>\n
Action.c(56):     \n
Action.c(56):     <TR bgcolor="#EFF2F7">\n
Action.c(56):       <TD COLSPAN="4">\n
Action.c(56):       <hr/>\n
Action.c(56):       </TD>\n
Action.c(56):     </TR>\n
Action.c(56):     \n
Action.c(56):     <!-- Flight #1 -->\n
Action.c(56):     <TR bgcolor="#EFF2F7">\n
Action.c(56):       <TD width="5%" rowspan="2" align="left" valign="top">\n
Action.c(56):     <b>\n
Action.c(56):     <label><input type="checkbox" name="66" value="on" /></label></font></b>\n
Action.c(56):     <input type="hidden" name="flightID" value="4115573-50807-Go"  />\n
Action.c(56):       </TD>\n
Action.c(56):       <TD width="45%" valign="top">\n
Action.c(56):           <b>&nbsp;&nbsp;A Business class ticket for :</b><br/>\n
Action.c(56):           <center><table border="0" width="85%"><tr><td>\n
Action.c(56):           <li><i>Geralt ofRivia\n
Action.c(56):           <li><i></i>\n
Action.c(56):           </td></tr></table></center>\n
Action.c(56):       </TD>\n
Action.c(56):       <TD width="5%" >.<br/>.<br/>.<br/>.</TD>\n
Action.c(56):       <TD width="45%" valign=top><b>Invoice sent to:</b><br/>\n
Action.c(56):           <center>\n
Action.c(56):           <Table width="80%" cellspacing="0" > <tr> <td>\n
Action.c(56):               Geralt ofRivia\n
Action.c(56):     <br/>\n
Action.c(56):               Boloto<br/>\n
Action.c(56):               Centralniy 123<br/>\n
Action.c(56):               <br/>\n
Action.c(56):               Total Charge: $ 491 <BR/> (CC: x-1111)\n
Action.c(56):           </td> </tr> </table>\n
Action.c(56):           </center>\n
Action.c(56):       </TD>\n
Action.c(56):     </TR>\n
Action.c(56):     <TR bgcolor="#EFF2F7">\n
Action.c(56):       <TD COLSPAN="3">\n
Action.c(56):       <b>Flight Details:</b><BR/>  <center>\n
Action.c(56):       11/30/2023\n
Action.c(56):      :  8am : Flight 20 leaves Denver  for London.<br>  </center>\n
Action.c(56):       </TD>\n
Action.c(56):     </TR>\n
Action.c(56):     \n
Action.c(56):     <TR bgcolor="#EFF2F7">\n
Action.c(56):       <TD COLSPAN="4">\n
Action.c(56):       <hr/>\n
Action.c(56):       </TD>\n
Action.c(56):     </TR>\n
Action.c(56):     \n
Action.c(56):     <!-- Flight #1 -->\n
Action.c(56):     <TR bgcolor="#EFF2F7">\n
Action.c(56):       <TD width="5%" rowspan="2" align="left" valign="top">\n
Action.c(56):     <b>\n
Action.c(56):     <label><input type="checkbox" name="67" value="on" /></label></font></b>\n
Action.c(56):     <input type="hidden" name="flightID" value="4116309-51565-Go"  />\n
Action.c(56):       </TD>\n
Action.c(56):       <TD width="45%" valign="top">\n
Action.c(56):           <b>&nbsp;&nbsp;A Coach class ticket for :</b><br/>\n
Action.c(56):           <center><table border="0" width="85%"><tr><td>\n
Action.c(56):           <li><i>Geralt ofRivia\n
Action.c(56):           <li><i></i>\n
Action.c(56):           </td></tr></table></center>\n
Action.c(56):       </TD>\n
Action.c(56):       <TD width="5%" >.<br/>.<br/>.<br/>.</TD>\n
Action.c(56):       <TD width="45%" valign=top><b>Invoice sent to:</b><br/>\n
Action.c(56):           <center>\n
Action.c(56):           <Table width="80%" cellspacing="0" > <tr> <td>\n
Action.c(56):               Geralt ofRivia\n
Action.c(56):     <br/>\n
Action.c(56):               San Francisco<br/>\n
Action.c(56):               Gagarina 23<br/>\n
Action.c(56):               <br/>\n
Action.c(56):               Total Charge: $ 350 <BR/> (CC: x-1111)\n
Action.c(56):           </td> </tr> </table>\n
Action.c(56):           </center>\n
Action.c(56):       </TD>\n
Action.c(56):     </TR>\n
Action.c(56):     <TR bgcolor="#EFF2F7">\n
Action.c(56):       <TD COLSPAN="3">\n
Action.c(56):       <b>Flight Details:</b><BR/>  <center>\n
Action.c(56):       11/30/2023\n
Action.c(56):      :  8am : Flight 40 leaves Denver  for Paris.<br>  </center>\n
Action.c(56):       </TD>\n
Action.c(56):     </TR>\n
Action.c(56):     \n
Action.c(56):     <TR bgcolor="#EFF2F7">\n
Action.c(56):       <TD COLSPAN="4">\n
Action.c(56):       <hr/>\n
Action.c(56):       </TD>\n
Action.c(56):     </TR>\n
Action.c(56):     \n
Action.c(56):     <!-- Flight #1 -->\n
Action.c(56):     <TR bgcolor="#EFF2F7">\n
Action.c(56):       <TD width="5%" rowspan="2" align="left" valign="top">\n
Action.c(56):     <b>\n
Action.c(56):     <label><input type="checkbox" name="68" value="on" /></label></font></b>\n
Action.c(56):     <input type="hidden" name="flightID" value="4117594-52322-Go"  />\n
Action.c(56):       </TD>\n
Action.c(56):       <TD width="45%" valign="top">\n
Action.c(56):           <b>&nbsp;&nbsp;3 Coach class tickets for :</b><br/>\n
Action.c(56):           <center><table border="0" width="85%"><tr><td>\n
Action.c(56):           <li><i>Geralt ofRivia      <li><i>Geralt ofRivia      <li><i>Kventin Tarrantino\n
Action.c(56):           <li><i></i>\n
Action.c(56):           </td></tr></table></center>\n
Action.c(56):       </TD>\n
Action.c(56):       <TD width="5%" >.<br/>.<br/>.<br/>.</TD>\n
Action.c(56):       <TD width="45%" valign=top><b>Invoice sent to:</b><br/>\n
Action.c(56):           <center>\n
Action.c(56):           <Table width="80%" cellspacing="0" > <tr> <td>\n
Action.c(56):               Geralt ofRivia\n
Action.c(56):     <br/>\n
Action.c(56):               Boloto<br/>\n
Action.c(56):               Tisovaia street 12<br/>\n
Action.c(56):               <br/>\n
Action.c(56):               Total Charge: $ 192 <BR/> (CC: x-1111)\n
Action.c(56):           </td> </tr> </table>\n
Action.c(56):           </center>\n
Action.c(56):       </TD>\n
Action.c(56):     </TR>\n
Action.c(56):     <TR bgcolor="#EFF2F7">\n
Action.c(56):       <TD COLSPAN="3">\n
Action.c(56):       <b>Flight Details:</b><BR/>  <center>\n
Action.c(56):       11/30/2023\n
Action.c(56):      :  8am : Flight 750 leaves Seattle  for Portland.<br>  </center>\n
Action.c(56):       </TD>\n
Action.c(56):     </TR>\n
Action.c(56):     \n
Action.c(56):     <TR bgcolor="#EFF2F7">\n
Action.c(56):       <TD COLSPAN="4">\n
Action.c(56):       <hr/>\n
Action.c(56):       </TD>\n
Action.c(56):     </TR>\n
Action.c(56):     \n
Action.c(56):     <!-- Flight #1 -->\n
Action.c(56):     <TR bgcolor="#EFF2F7">\n
Action.c(56):       <TD width="5%" rowspan="2" align="left" valign="top">\n
Action.c(56):     <b>\n
Action.c(56):     <label><input type="checkbox" name="69" value="on" /></label></font></b>\n
Action.c(56):     <input type="hidden" name="flightID" value="41150384-53106-Go"  />\n
Action.c(56):       </TD>\n
Action.c(56):       <TD width="45%" valign="top">\n
Action.c(56):           <b>&nbsp;&nbsp;A First class ticket for :</b><br/>\n
Action.c(56):           <center><table border="0" width="85%"><tr><td>\n
Action.c(56):           <li><i>Geralt ofRivia\n
Action.c(56):           <li><i></i>\n
Action.c(56):           </td></tr></table></center>\n
Action.c(56):       </TD>\n
Action.c(56):       <TD width="5%" >.<br/>.<br/>.<br/>.</TD>\n
Action.c(56):       <TD width="45%" valign=top><b>Invoice sent to:</b><br/>\n
Action.c(56):           <center>\n
Action.c(56):           <Table width="80%" cellspacing="0" > <tr> <td>\n
Action.c(56):               Geralt ofRivia\n
Action.c(56):     <br/>\n
Action.c(56):               Konoha<br/>\n
Action.c(56):               Zvezda smerti<br/>\n
Action.c(56):               <br/>\n
Action.c(56):               Total Charge: $ 379 <BR/> (CC: x-1111)\n
Action.c(56):           </td> </tr> </table>\n
Action.c(56):           </center>\n
Action.c(56):       </TD>\n
Action.c(56):     </TR>\n
Action.c(56):     <TR bgcolor="#EFF2F7">\n
Action.c(56):       <TD COLSPAN="3">\n
Action.c(56):       <b>Flight Details:</b><BR/>  <center>\n
Action.c(56):       11/30/2023\n
Action.c(56):      :  8am : Flight 060 leaves Denver  for San Francisco.<br>  </center>\n
Action.c(56):       </TD>\n
Action.c(56):     </TR>\n
Action.c(56):     \n
Action.c(56):     <TR bgcolor="#EFF2F7">\n
Action.c(56):       <TD COLSPAN="4">\n
Action.c(56):       <hr/>\n
Action.c(56):       </TD>\n
Action.c(56):     </TR>\n
Action.c(56):     <TR>\n
Action.c(56):        <TD align="center" COLSPAN="4">\n
Action.c(56):        <b>A total of 69 scheduled flights.</font></b>\n
Action.c(56):        </TD>\n
Action.c(56):     </TR>\n
Action.c(56):     </TABLE>\n
Action.c(56):     \n
Action.c(56):     <TABLE WIDTH="87%" BORDER="0" CELLSPACING="0">\n
Action.c(56):     <TR>\n
Action.c(56):     <TD align="left" width="50%" >\n
Action.c(56):     <input type="image" name="removeFlights" src="/WebTours/images/cancelreservation.gif" bord
Action.c(56):     er="0" /></TD>\n
Action.c(56):     <TD align="right" width="50%" >\n
Action.c(56):     <input type="image" name="removeAllFlights" src="/WebTours/images/cancelallreservations.gi
Action.c(56):     f" border="0" /></TD>\n
Action.c(56):     </TABLE>\n
Action.c(56):     \n
Action.c(56):     <div><input type="hidden" name=".cgifields" value="33"  /><input type="hidden" name=".cgif
Action.c(56):     ields" value="32"  /><input type="hidden" name=".cgifields" value="63"  /><input type="hid
Action.c(56):     den" name=".cgifields" value="21"  /><input type="hidden" name=".cgifields" value="7"  /><
Action.c(56):     input type="hidden" name=".cgifields" value="26"  /><input type="hidden" name=".cgifields"
Action.c(56):      value="18"  /><input type="hidden" name=".cgifields" value="16"  /><input type="hidden" n
Action.c(56):     ame=".cgifields" value="44"  /><input type="hidden" name=".cgifields" value="55"  /><input
Action.c(56):      type="hidden" name=".cgifields" value="27"  /><input type="hidden" name=".cgifields" valu
Action.c(56):     e="57"  /><input type="hidden" name=".cgifields" value="61"  /><input type="hidden" name="
Action.c(56):     .cgifields" value="20"  /><input type="hidden" name=".cgifields" value="10"  /><input type
Action.c(56):     ="hidden" name=".cgifields" value="31"  /><input type="hidden" name=".cgifields" value="35
Action.c(56):     "  /><input type="hidden" name=".cgifields" value="11"  /><input type="hidden" name=".cgif
Action.c(56):     ields" value="48"  /><input type="hidden" name=".cgifields" value="65"  /><input type="hid
Action.c(56):     den" name=".cgifields" value="29"  /><input type="hidden" name=".cgifields" value="50"  />
Action.c(56):     <input type="hidden" name=".cgifields" value="39"  /><input type="hidden" name=".cgifields
Action.c(56):     " value="64"  /><input type="hidden" name=".cgifields" value="58"  /><input type="hidden" 
Action.c(56):     name=".cgifields" value="41"  /><input type="hidden" name=".cgifields" value="12"  /><inpu
Action.c(56):     t type="hidden" name=".cgifields" value="15"  /><input type="hidden" name=".cgifields" val
Action.c(56):     ue="52"  /><input type="hidden" name=".cgifields" value="60"  /><input type="hidden" name=
Action.c(56):     ".cgifields" value="56"  /><input type="hidden" name=".cgifields" value="66"  /><input typ
Action.c(56):     e="hidden" name=".cgifields" value="45"  /><input type="hidden" name=".cgifields" value="1
Action.c(56):     9"  /><input type="hidden" name=".cgifields" value="62"  /><input type="hidden" name=".cgi
Action.c(56):     fields" value="54"  /><input type="hidden" name=".cgifields" value="67"  /><input type="hi
Action.c(56):     dden" name=".cgifields" value="68"  /><input type="hidden" name=".cgifields" value="2"  />
Action.c(56):     <input type="hidden" name=".cgifields" value="17"  /><input type="hidden" name=".cgifields
Action.c(56):     " value="1"  /><input type="hidden" name=".cgifields" value="30"  /><input type="hidden" n
Action.c(56):     ame=".cgifields" value="25"  /><input type="hidden" name=".cgifields" value="28"  /><input
Action.c(56):      type="hidden" name=".cgifields" value="40"  /><input type="hidden" name=".cgifields" valu
Action.c(56):     e="14"  /><input type="hidden" name=".cgifields" value="69"  /><input type="hidden" name="
Action.c(56):     .cgifields" value="59"  /><input type="hidden" name=".cgifields" value="49"  /><input type
Action.c(56):     ="hidden" name=".cgifields" value="24"  /><input type="hidden" name=".cgifields" value="53
Action.c(56):     "  /><input type="hidden" name=".cgifields" value="22"  /><input type="hidden" name=".cgif
Action.c(56):     ields" value="42"  /><input type="hidden" name=".cgifields" value="46"  /><input type="hid
Action.c(56):     den" name=".cgifields" value="23"  /><input type="hidden" name=".cgifields" value="13"  />
Action.c(56):     <input type="hidden" name=".cgifields" value="6"  /><input type="hidden" name=".cgifields"
Action.c(56):      value="3"  /><input type="hidden" name=".cgifields" value="36"  /><input type="hidden" na
Action.c(56):     me=".cgifields" value="9"  /><input type="hidden" name=".cgifields" value="51"  /><input t
Action.c(56):     ype="hidden" name=".cgifields" value="47"  /><input type="hidden" name=".cgifields" value=
Action.c(56):     "8"  /><input type="hidden" name=".cgifields" value="38"  /><input type="hidden" name=".cg
Action.c(56):     ifields" value="4"  /><input type="hidden" name=".cgifields" value="34"  /><input type="hi
Action.c(56):     dden" name=".cgifields" value="37"  /><input type="hidden" name=".cgifields" value="43"  /
Action.c(56):     ><input type="hidden" name=".cgifields" value="5"  /></div></form>\n
Action.c(56):     \n
Action.c(56):     </center>\n
Action.c(56):     \n
Action.c(56):     </body>\n
Action.c(56):     </html>
Action.c(56): Resource "http://localhost:1080/WebTours/images/cancelreservation.gif" is in the cache already and will not be downloaded again  	[MsgId: MMSG-26655]
Action.c(56): Resource "http://localhost:1080/WebTours/images/cancelallreservations.gif" is in the cache already and will not be downloaded again  	[MsgId: MMSG-26655]
Action.c(56): t=1188815ms: Request done "http://localhost:1080/cgi-bin/itinerary.pl"  	[MsgId: MMSG-26000]
Action.c(56): Registered web_reg_find successful for "Text="41177832-7806-Go"  "  	[MsgId: MMSG-26362]
Action.c(56): web_submit_form("itinerary.pl") was successful, 82296 body bytes, 256 header bytes, 171 chunking overhead bytes  	[MsgId: MMSG-26385]
Action.c(64): Notify: Transaction "delete_ticket" ended with a "Pass" status (Duration: 0,1112 Wasted Time: 0,0002).	[MsgId: MMSG-16871]
Action.c(66): lr_think_time: 5,00 seconds.	[MsgId: MMSG-15948]
..\\lib.h(192): Notify: Transaction "log_out" started.	[MsgId: MMSG-16999]
..\\lib.h(194): web_add_header("Sec-Fetch-User") started  	[MsgId: MMSG-26355]
..\\lib.h(194): An unrecognized header ("Sec-Fetch-User") is being added  	[MsgId: MMSG-26595]
..\\lib.h(194): "Sec-Fetch-User: ?1" header registered for adding to requests from the immediately following Action function  	[MsgId: MMSG-26506]
..\\lib.h(194): web_add_header("Sec-Fetch-User") was successful  	[MsgId: MMSG-26392]
..\\lib.h(195): web_add_header("Upgrade-Insecure-Requests") started  	[MsgId: MMSG-26355]
..\\lib.h(195): An unrecognized header ("Upgrade-Insecure-Requests") is being added  	[MsgId: MMSG-26595]
..\\lib.h(195): "Upgrade-Insecure-Requests: 1" header registered for adding to requests from the immediately following Action function  	[MsgId: MMSG-26506]
..\\lib.h(195): web_add_header("Upgrade-Insecure-Requests") was successful  	[MsgId: MMSG-26392]
..\\lib.h(197): web_reg_find started  	[MsgId: MMSG-26355]
..\\lib.h(197): Registering web_reg_find was successful  	[MsgId: MMSG-26390]
..\\lib.h(199): web_url("SignOff Button") started  	[MsgId: MMSG-26355]
..\\lib.h(199): t=1193826ms: Already connected [0] to localhost:1080  	[MsgId: MMSG-26000]
..\\lib.h(199): t=1193826ms: 642-byte request headers for "http://localhost:1080/cgi-bin/welcome.pl?signOff=1" (RelFrameId=1, Internal ID=622)
..\\lib.h(199):     GET /cgi-bin/welcome.pl?signOff=1 HTTP/1.1\r\n
..\\lib.h(199):     Referer: http://localhost:1080/cgi-bin/nav.pl?page=menu&in=flights\r\n
..\\lib.h(199):     Sec-Fetch-User: ?1\r\n
..\\lib.h(199):     Upgrade-Insecure-Requests: 1\r\n
..\\lib.h(199):     Sec-Fetch-Mode: navigate\r\n
..\\lib.h(199):     Sec-Fetch-Dest: frame\r\n
..\\lib.h(199):     Sec-Fetch-Site: same-origin\r\n
..\\lib.h(199):     sec-ch-ua-mobile: ?0\r\n
..\\lib.h(199):     User-Agent: Mozilla/5.0 (Windows NT 10.0; WOW64; Trident/7.0; rv:11.0) like Gecko\r\n
..\\lib.h(199):     Accept-Encoding: gzip, deflate\r\n
..\\lib.h(199):     Accept-Language: ru-RU\r\n
..\\lib.h(199):     Accept: */*\r\n
..\\lib.h(199):     Connection: Keep-Alive\r\n
..\\lib.h(199):     Host: localhost:1080\r\n
..\\lib.h(199):     Cookie: MSO=SID&1701258643; MTUserInfo=firstName&Geralt&address2&Novirgad&username&geralt&
..\\lib.h(199):     hash&116&lastName&ofRivia%0A&address1&Novigradskaya%20Street%202&creditCard&&expDate&%0A\r
..\\lib.h(199):     \n
..\\lib.h(199):     \r\n
..\\lib.h(199): t=1193876ms: 327-byte response headers for "http://localhost:1080/cgi-bin/welcome.pl?signOff=1" (RelFrameId=1, Internal ID=622)
..\\lib.h(199):     HTTP/1.1 200 OK\r\n
..\\lib.h(199):     Date: Wed, 29 Nov 2023 11:51:04 GMT\r\n
..\\lib.h(199):     Server: Apache/2.2.21 (Win32)\r\n
..\\lib.h(199):     Set-Cookie: MSO=SID&1701258664; path=/\r\n
..\\lib.h(199):     Set-Cookie: MTUserInfo=; path=/; expires=Tue, 28-Nov-2023 11:51:04 GMT\r\n
..\\lib.h(199):     Keep-Alive: timeout=5, max=99\r\n
..\\lib.h(199):     Connection: Keep-Alive\r\n
..\\lib.h(199):     Transfer-Encoding: chunked\r\n
..\\lib.h(199):     Content-Type: text/html; charset=ISO-8859-1\r\n
..\\lib.h(199):     \r\n
..\\lib.h(199): t=1193877ms: 5-byte chunked response overhead for "http://localhost:1080/cgi-bin/welcome.pl?signOff=1" (RelFrameId=1, Internal ID=622)
..\\lib.h(199):     2ae\r\n
..\\lib.h(199): t=1193877ms: 2-byte chunked response overhead for "http://localhost:1080/cgi-bin/welcome.pl?signOff=1" (RelFrameId=1, Internal ID=622)
..\\lib.h(199):     \r\n
..\\lib.h(199): t=1193877ms: 686-byte chunked response body for "http://localhost:1080/cgi-bin/welcome.pl?signOff=1" (RelFrameId=1, Internal ID=622)
..\\lib.h(199):     <!-- \n
..\\lib.h(199):      A Session ID has been created and loaded into a cookie called MSO.\n
..\\lib.h(199):      Also, the server options have been loaded into the cookie called\n
..\\lib.h(199):      MSO as well.  The server options can be set via the Admin page.\n
..\\lib.h(199):      --->\n
..\\lib.h(199):     \n
..\\lib.h(199):     <html>\n
..\\lib.h(199):     <title>Web Tours</title>\n
..\\lib.h(199):        <!-- Frame Set -->\n
..\\lib.h(199):        <frameset cols="160,*" border="1" frameborder="1">\n
..\\lib.h(199):           <!-- Navigation Frame -->\n
..\\lib.h(199):           <frame src="nav.pl?in=home" name="navbar" marginheight="2" marginwidth="2" \n
..\\lib.h(199):                 noresize="noresize" scrolling="auto"/>\n
..\\lib.h(199):           <!-- Home Frame -->\n
..\\lib.h(199):           <frame src="/WebTours/home.html" name="info" marginheight="2" marginwidth="2" \n
..\\lib.h(199):                 noresize="noresize" scrolling="auto"/>\n
..\\lib.h(199):        </frameset>\n
..\\lib.h(199):     </html>\n
..\\lib.h(199):     \n
..\\lib.h(199):     </body>\n
..\\lib.h(199):     </html>
..\\lib.h(199): Detected non-resource "http://localhost:1080/cgi-bin/nav.pl?in=home" in "http://localhost:1080/cgi-bin/welcome.pl?signOff=1"  	[MsgId: MMSG-26574]
..\\lib.h(199): Detected non-resource "http://localhost:1080/WebTours/home.html" in "http://localhost:1080/cgi-bin/welcome.pl?signOff=1"  	[MsgId: MMSG-26574]
..\\lib.h(199): Retrieving data from cache for "http://localhost:1080/WebTours/home.html"  	[MsgId: MMSG-26558]
..\\lib.h(199): t=1193878ms: 1361-byte response body retrieved from cache for "http://localhost:1080/WebTours/home.html" (RelFrameId=1.2, Internal ID=624)
..\\lib.h(199):     <HTML>\n
..\\lib.h(199):     <HEAD>\n
..\\lib.h(199):     \t<title>Web Tours</title>\n
..\\lib.h(199):     </HEAD>\n
..\\lib.h(199):     <style>\n
..\\lib.h(199):     \tblockquote {font-family: tahoma; font-size : 10pt}\n
..\\lib.h(199):     \tH1 {font-family: tahoma; font-size : 22pt; color: #003366}\n
..\\lib.h(199):     \tsmall {font-family: tahoma; font-size : 8pt}\n
..\\lib.h(199):     \tH3{font-family: tahoma; font-size : 10pt; color: black}\n
..\\lib.h(199):     \tA {FONT-WEIGHT: bold; FONT-SIZE: 10pt; COLOR: black; FONT-FAMILY: Tahoma; TEXT-DECORATIO
..\\lib.h(199):     N: none}\n
..\\lib.h(199):     \tA:hover{ FONT-WEIGHT: bold; FONT-SIZE: 10pt; COLOR: #993333; FONT-FAMILY: Tahoma;TEXT-DE
..\\lib.h(199):     CORATION: underline}\n
..\\lib.h(199):     \tTD {font-family: tahoma; font-size : 10pt; color: black}\n
..\\lib.h(199):     </style>\n
..\\lib.h(199):     <body bgcolor="#e0e7f1">\n
..\\lib.h(199):     <BR/>\n
..\\lib.h(199):     <BR/>\n
..\\lib.h(199):     <BR/>\n
..\\lib.h(199):     <br/>\n
..\\lib.h(199):     <table border="0">\n
..\\lib.h(199):     <tr><td></td></tr>\n
..\\lib.h(199):     <TR><TD></TD></TR>\n
..\\lib.h(199):     <TR><TD>\n
..\\lib.h(199):     <blockquote>\n
..\\lib.h(199):     <H1><b>Web Tours</b></H1>\n
..\\lib.h(199):     Welcome to the Web Tours site.\n
..\\lib.h(199):     <br/>\n
..\\lib.h(199):     To make reservations,please enter your account information to the left.\n
..\\lib.h(199):     <br/>\n
..\\lib.h(199):     If you haven't registered yet, <A href="/cgi-bin/login.pl?username=&amp;password=&amp;getI
..\\lib.h(199):     nfo=true" ><B>sign up now</B></A> to get access to all our resources.\n
..\\lib.h(199):     <br/>\n
..\\lib.h(199):     To configure the server options, use <A href="/cgi-bin/admin.pl" target="body" ><b>adminis
..\\lib.h(199):     tration</b></A> link.\n
..\\lib.h(199):     <br/><br/><br/><br/><br/><br/>\n
..\\lib.h(199):     <br/><small>\n
..\\lib.h(199):     This product uses parts of the SMT Kernel, Copyright (c) 1991-99 <A href="http://www.imati
..\\lib.h(199):     x.com" target="new"><B><small>iMatix Corporation</small></B></A> \n
..\\lib.h(199):     </small>\n
..\\lib.h(199):     </blockquote></TD>\n
..\\lib.h(199):     <TD></TD></TR>\n
..\\lib.h(199):     </table>\n
..\\lib.h(199):     </body>\n
..\\lib.h(199):     </HTML>\n
..\\lib.h(199): t=1193879ms: Connecting [1] to host 127.0.0.1:1080  	[MsgId: MMSG-26000]
..\\lib.h(199): t=1193879ms: 5-byte chunked response overhead for "http://localhost:1080/cgi-bin/welcome.pl?signOff=1" (RelFrameId=1, Internal ID=622)
..\\lib.h(199):     0\r\n
..\\lib.h(199):     \r\n
..\\lib.h(199): t=1193879ms: Request done "http://localhost:1080/cgi-bin/welcome.pl?signOff=1"  	[MsgId: MMSG-26000]
..\\lib.h(199): t=1193879ms: Connected socket [1] from 127.0.0.1:14074 to 127.0.0.1:1080 in 0 ms  	[MsgId: MMSG-26000]
..\\lib.h(199): t=1193880ms: 477-byte request headers for "http://localhost:1080/cgi-bin/nav.pl?in=home" (RelFrameId=1.1, Internal ID=623)
..\\lib.h(199):     GET /cgi-bin/nav.pl?in=home HTTP/1.1\r\n
..\\lib.h(199):     Referer: http://localhost:1080/cgi-bin/welcome.pl?signOff=1\r\n
..\\lib.h(199):     Sec-Fetch-User: ?1\r\n
..\\lib.h(199):     Upgrade-Insecure-Requests: 1\r\n
..\\lib.h(199):     Sec-Fetch-Mode: navigate\r\n
..\\lib.h(199):     Sec-Fetch-Dest: frame\r\n
..\\lib.h(199):     Sec-Fetch-Site: same-origin\r\n
..\\lib.h(199):     sec-ch-ua-mobile: ?0\r\n
..\\lib.h(199):     User-Agent: Mozilla/5.0 (Windows NT 10.0; WOW64; Trident/7.0; rv:11.0) like Gecko\r\n
..\\lib.h(199):     Accept-Encoding: gzip, deflate\r\n
..\\lib.h(199):     Accept-Language: ru-RU\r\n
..\\lib.h(199):     Accept: */*\r\n
..\\lib.h(199):     Connection: Keep-Alive\r\n
..\\lib.h(199):     Host: localhost:1080\r\n
..\\lib.h(199):     Cookie: MSO=SID&1701258664\r\n
..\\lib.h(199):     \r\n
..\\lib.h(199): t=1193925ms: 256-byte response headers for "http://localhost:1080/cgi-bin/nav.pl?in=home" (RelFrameId=1.1, Internal ID=623)
..\\lib.h(199):     HTTP/1.1 200 OK\r\n
..\\lib.h(199):     Date: Wed, 29 Nov 2023 11:51:04 GMT\r\n
..\\lib.h(199):     Server: Apache/2.2.21 (Win32)\r\n
..\\lib.h(199):     Expires: Tue, 28 Nov 2023 11:51:04 GMT\r\n
..\\lib.h(199):     Keep-Alive: timeout=5, max=100\r\n
..\\lib.h(199):     Connection: Keep-Alive\r\n
..\\lib.h(199):     Transfer-Encoding: chunked\r\n
..\\lib.h(199):     Content-Type: text/html; charset=ISO-8859-1\r\n
..\\lib.h(199):     \r\n
..\\lib.h(199): t=1193926ms: 5-byte chunked response overhead for "http://localhost:1080/cgi-bin/nav.pl?in=home" (RelFrameId=1.1, Internal ID=623)
..\\lib.h(199):     5d0\r\n
..\\lib.h(199): t=1193926ms: 2-byte chunked response overhead for "http://localhost:1080/cgi-bin/nav.pl?in=home" (RelFrameId=1.1, Internal ID=623)
..\\lib.h(199):     \r\n
..\\lib.h(199): t=1193926ms: 1488-byte chunked response body for "http://localhost:1080/cgi-bin/nav.pl?in=home" (RelFrameId=1.1, Internal ID=623)
..\\lib.h(199):     <!DOCTYPE html\n
..\\lib.h(199):     \tPUBLIC "-//W3C//DTD XHTML 1.0 Transitional//EN"\n
..\\lib.h(199):     \t "http://www.w3.org/TR/xhtml1/DTD/xhtml1-transitional.dtd">\n
..\\lib.h(199):     <html xmlns="http://www.w3.org/1999/xhtml" lang="en-US" xml:lang="en-US">\n
..\\lib.h(199):     <head>\n
..\\lib.h(199):     <title>Web Tours Navigation Bar</title>\n
..\\lib.h(199):     <meta http-equiv="Content-Type" content="text/html; charset=iso-8859-1" />\n
..\\lib.h(199):     </head>\n
..\\lib.h(199):     <body bgcolor="#E0E7F1">\n
..\\lib.h(199):     <style>\n
..\\lib.h(199):     blockquote {font-family: tahoma; font-size : 10pt}\n
..\\lib.h(199):     H1 {font-family: tahoma; font-size : 22pt; color: #993333}\n
..\\lib.h(199):     H3 {font-family: tahoma; font-size : 10pt; color: black}\n
..\\lib.h(199):     small {font-family: tahoma; font-size : 8pt}\n
..\\lib.h(199):     </style>\n
..\\lib.h(199):     <form method="post" action="/cgi-bin/login.pl" target="body">\n
..\\lib.h(199):     <input type="hidden" name="userSession" value="137809.531308222HAiifHHpHzzzzzzHtcfDVptzzz"
..\\lib.h(199):     />\n
..\\lib.h(199):     <table border="0"><tr><td>&nbsp;</td>\n
..\\lib.h(199):     <td>&nbsp;</td></tr>\n
..\\lib.h(199):     <tr><td>&nbsp;</td>\n
..\\lib.h(199):     <td>&nbsp;</td></tr>\n
..\\lib.h(199):     <tr><td>&nbsp;</td>\n
..\\lib.h(199):     <td><small>&nbsp;Username</small></td></tr>\n
..\\lib.h(199):     <tr><td>&nbsp;</td>\n
..\\lib.h(199):     <td><input type="text" name="username" value="" size="14" maxlength="14"/></td></tr>\n
..\\lib.h(199):     <tr><td>&nbsp;</td>\n
..\\lib.h(199):     <td><small>&nbsp;Password</small></td>\n
..\\lib.h(199):     <tr><td>&nbsp;</td>\n
..\\lib.h(199):     <td><input type="password" name="password" value="" size="14" maxlength="14"/></td></tr>\n
..\\lib.h(199):     <tr><td>&nbsp;</td>\n
..\\lib.h(199):     <td>&nbsp;</td></tr>\n
..\\lib.h(199):     <tr><td>&nbsp;</td>\n
..\\lib.h(199):     <td><input type="image" name="login" value="Login" alt="Login" border="1" \n
..\\lib.h(199):     src="/WebTours/images/mer_login.gif"/></td></tr>\n
..\\lib.h(199):     <tr><td>&nbsp;</td><td>&nbsp;</td></tr>\n
..\\lib.h(199):     </table><input type="hidden" name="JSFormSubmit" value="off"/>\n
..\\lib.h(199):     </form>\n
..\\lib.h(199):     \n
..\\lib.h(199):     </body>\n
..\\lib.h(199):     </html>\n
..\\lib.h(199): Resource "http://localhost:1080/WebTours/images/mer_login.gif" is in the cache already and will not be downloaded again  	[MsgId: MMSG-26655]
..\\lib.h(199): t=1193928ms: 5-byte chunked response overhead for "http://localhost:1080/cgi-bin/nav.pl?in=home" (RelFrameId=1.1, Internal ID=623)
..\\lib.h(199):     0\r\n
..\\lib.h(199):     \r\n
..\\lib.h(199): t=1193928ms: Request done "http://localhost:1080/cgi-bin/nav.pl?in=home"  	[MsgId: MMSG-26000]
..\\lib.h(199): Registered web_reg_find successful for "Text=Welcome to the Web Tours site." (count=1)  	[MsgId: MMSG-26364]
..\\lib.h(199): web_url("SignOff Button") was successful, 2174 body bytes, 583 header bytes, 24 chunking overhead bytes  	[MsgId: MMSG-26385]
..\\lib.h(209): Notify: Transaction "log_out" ended with a "Pass" status (Duration: 0,1027 Wasted Time: 0,0000).	[MsgId: MMSG-16871]
Action.c(70): Notify: Transaction "UC02_DeleteTicket" ended with a "Pass" status (Duration: 20,6167 Think Time: 20,0305 Wasted Time: 0,0016).	[MsgId: MMSG-16870]
Ending action Action.	[MsgId: MMSG-15918]
Ending iteration 24.	[MsgId: MMSG-15965]
Waiting 30,3820 seconds for iteration pacing.	[MsgId: MMSG-15996]
Action was aborted.	[MsgId: MMSG-10694]
Ending Vuser...	[MsgId: MMSG-15966]
Starting action vuser_end.	[MsgId: MMSG-15919]
Ending action vuser_end.	[MsgId: MMSG-15918]
Vuser Terminated.	[MsgId: MMSG-15963]
t=1209187ms: Closed connection [0] to localhost:1080 after completing 2 request(s)  	[MsgId: MMSG-26000]
t=1209187ms: Closed connection [1] to localhost:1080 after completing 1 request(s)  	[MsgId: MMSG-26000]
HTML-Mode memory management statistics: Reusable=17, NonReusable=0, CsMemBlockSize=4096, checks disabled  	[MsgId: MMSG-26000]
Vuser 0 (thread 17092), ended OK."	[MsgId: MMSG-10695]
